#
# There is insufficient memory for the Java Runtime Environment to continue.
# Native memory allocation (malloc) failed to allocate 1010336 bytes for Chunk::new
# Possible reasons:
#   The system is out of physical RAM or swap space
#   The process is running with CompressedOops enabled, and the Java Heap may be blocking the growth of the native heap
#
 Possible solutions:
#   Reduce memory load on the system
#   Increase physical memory or swap space
#   Check if swap backing store is full
#   Decrease Java heap size (-Xmx/-Xms)
#   Decrease number of Java threads
#   Decrease Java thread stack sizes (-Xss)
#   Set larger code cache with -XX:ReservedCodeCacheSize=
#   JVM is running with Unscaled Compressed Oops mode in which the Java heap is
#     placed in the first 4GB address space. The Java Heap base address is the
#     maximum limit for the native heap growth. Please use -XX:HeapBaseMinAddress
#     to set the Java Heap base and to place the Java Heap above 4GB virtual address.
# This output file may be truncated or incomplete.
#
#  Out of Memory Error (allocation.cpp:389), pid=472, tid=0x0000000000002dd0
#
# JRE version: Java(TM) SE Runtime Environment (8.0_261-b12) (build 1.8.0_261-b12)
# Java VM: Java HotSpot(TM) 64-Bit Server VM (25.261-b12 mixed mode windows-amd64 compressed oops)
# Failed to write core dump. Minidumps are not enabled by default on client versions of Windows
#

---------------  T H R E A D  ---------------

Current thread (0x000000ca9a52b800):  JavaThread "C2 CompilerThread0" daemon [_thread_in_native, id=11728, stack(0x000000ca9b5f0000,0x000000ca9b6f0000)]

Stack: [0x000000ca9b5f0000,0x000000ca9b6f0000]
Native frames: (J=compiled Java code, j=interpreted, Vv=VM code, C=native code)
V  [jvm.dll+0x33e5f9]


Current CompileTask:
C2:  18486 4469   !   4       org.springframework.core.annotation.AnnotatedElementUtils::searchWithFindSemantics (774 bytes)


---------------  P R O C E S S  ---------------

Java Threads: ( => current thread )
  0x000000ca9d079800 JavaThread "HikariPool-1 housekeeper" daemon [_thread_blocked, id=8912, stack(0x000000ca9ddb0000,0x000000ca9deb0000)]
  0x000000ca9bbc0800 JavaThread "surefire-forkedjvm-ping-30s" daemon [_thread_in_native, id=9856, stack(0x000000ca9bff0000,0x000000ca9c0f0000)]
  0x000000ca9bb31000 JavaThread "surefire-forkedjvm-command-thread" daemon [_thread_in_native, id=2536, stack(0x000000ca9bef0000,0x000000ca9bff0000)]
  0x000000ca9a5c8800 JavaThread "Service Thread" daemon [_thread_blocked, id=11140, stack(0x000000ca9b8f0000,0x000000ca9b9f0000)]
  0x000000ca9a546000 JavaThread "C1 CompilerThread2" daemon [_thread_blocked, id=9636, stack(0x000000ca9b7f0000,0x000000ca9b8f0000)]
  0x000000ca9a538000 JavaThread "C2 CompilerThread1" daemon [_thread_in_native, id=10592, stack(0x000000ca9b6f0000,0x000000ca9b7f0000)]
=>0x000000ca9a52b800 JavaThread "C2 CompilerThread0" daemon [_thread_in_native, id=11728, stack(0x000000ca9b5f0000,0x000000ca9b6f0000)]
  0x000000ca9a52a800 JavaThread "Attach Listener" daemon [_thread_blocked, id=10692, stack(0x000000ca9b4f0000,0x000000ca9b5f0000)]
  0x000000ca9a536800 JavaThread "Signal Dispatcher" daemon [_thread_blocked, id=1812, stack(0x000000ca9b3f0000,0x000000ca9b4f0000)]
  0x000000ca99dec800 JavaThread "Finalizer" daemon [_thread_blocked, id=11832, stack(0x000000ca9b1f0000,0x000000ca9b2f0000)]
  0x000000ca9a516000 JavaThread "Reference Handler" daemon [_thread_blocked, id=1928, stack(0x000000ca9b0f0000,0x000000ca9b1f0000)]
  0x000000ca838b5800 JavaThread "main" [_thread_in_native, id=5956, stack(0x000000ca85220000,0x000000ca85320000)]

Other Threads:
  0x000000ca99ddb000 VMThread [stack: 0x000000ca9aff0000,0x000000ca9b0f0000] [id=11088]
  0x000000ca9a5da800 WatcherThread [stack: 0x000000ca9b9f0000,0x000000ca9baf0000] [id=5256]

VM state:not at safepoint (normal execution)

VM Mutex/Monitor currently owned by a thread: None

heap address: 0x0000000081400000, size: 2028 MB, Compressed Oops mode: 32-bit
Narrow klass base: 0x0000000000000000, Narrow klass shift: 3
Compressed class space size: 1073741824 Address: 0x0000000100000000

Heap:
 PSYoungGen      total 198656K, used 141200K [0x00000000d5c00000, 0x00000000e7000000, 0x0000000100000000)
  eden space 186880K, 69% used [0x00000000d5c00000,0x00000000dda68b28,0x00000000e1280000)
  from space 11776K, 99% used [0x00000000e1280000,0x00000000e1dfb628,0x00000000e1e00000)
  to   space 16896K, 0% used [0x00000000e5f80000,0x00000000e5f80000,0x00000000e7000000)
 ParOldGen       total 78848K, used 22929K [0x0000000081400000, 0x0000000086100000, 0x00000000d5c00000)
  object space 78848K, 29% used [0x0000000081400000,0x0000000082a64620,0x0000000086100000)
 Metaspace       used 55470K, capacity 57934K, committed 58072K, reserved 1099776K
  class space    used 7612K, capacity 8053K, committed 8152K, reserved 1048576K

Card table byte_map: [0x000000ca946e0000,0x000000ca94ae0000] byte_map_base: 0x000000ca942d6000

Marking Bits: (ParMarkBitMap*) 0x0000000060434fb0
 Begin Bits: [0x000000ca95190000, 0x000000ca97140000)
 End Bits:   [0x000000ca97140000, 0x000000ca990f0000)

Polling page: 0x000000ca83a60000

CodeCache: size=245760Kb used=15768Kb max_used=15768Kb free=229991Kb
 bounds [0x000000ca85320000, 0x000000ca862a0000, 0x000000ca94320000]
 total_blobs=4571 nmethods=4032 adapters=450
 compilation: enabled

Compilation events (10 events):
Event: 18.398 Thread 0x000000ca9a546000 4547       2       java.lang.reflect.Constructor::getDeclaredAnnotations (5 bytes)
Event: 18.398 Thread 0x000000ca9a546000 nmethod 4547 0x000000ca862929d0 code [0x000000ca86292b60, 0x000000ca86292d90]
Event: 18.405 Thread 0x000000ca9a546000 4548       2       java.util.WeakHashMap::put (162 bytes)
Event: 18.406 Thread 0x000000ca9a546000 nmethod 4548 0x000000ca86292ed0 code [0x000000ca86293080, 0x000000ca86293600]
Event: 18.417 Thread 0x000000ca9a546000 4549       2       java.util.BitSet::expandTo (23 bytes)
Event: 18.417 Thread 0x000000ca9a546000 nmethod 4549 0x000000ca86293950 code [0x000000ca86293ac0, 0x000000ca86293c70]
Event: 18.418 Thread 0x000000ca9a546000 4550   !   2       com.sun.proxy.$Proxy45::annotationType (29 bytes)
Event: 18.418 Thread 0x000000ca9a546000 nmethod 4550 0x000000ca86293d10 code [0x000000ca86293ea0, 0x000000ca86294160]
Event: 18.435 Thread 0x000000ca9a546000 4551       2       org.springframework.core.annotation.AnnotationUtils::isSynthesizable (172 bytes)
Event: 18.436 Thread 0x000000ca9a546000 nmethod 4551 0x000000ca862942d0 code [0x000000ca86294540, 0x000000ca86294b90]

GC Heap History (10 events):
Event: 4.580 GC heap before
{Heap before GC invocations=7 (full 1):
 PSYoungGen      total 71680K, used 66560K [0x00000000d5c00000, 0x00000000ded00000, 0x0000000100000000)
  eden space 66560K, 100% used [0x00000000d5c00000,0x00000000d9d00000,0x00000000d9d00000)
  from space 5120K, 0% used [0x00000000d9d00000,0x00000000d9d00000,0x00000000da200000)
  to   space 7680K, 0% used [0x00000000de580000,0x00000000de580000,0x00000000ded00000)
 ParOldGen       total 52224K, used 6410K [0x0000000081400000, 0x0000000084700000, 0x00000000d5c00000)
  object space 52224K, 12% used [0x0000000081400000,0x0000000081a42a00,0x0000000084700000)
 Metaspace       used 23143K, capacity 23800K, committed 23936K, reserved 1071104K
  class space    used 2967K, capacity 3146K, committed 3200K, reserved 1048576K
Event: 4.598 GC heap after
Heap after GC invocations=7 (full 1):
 PSYoungGen      total 117760K, used 4345K [0x00000000d5c00000, 0x00000000dea00000, 0x0000000100000000)
  eden space 113152K, 0% used [0x00000000d5c00000,0x00000000d5c00000,0x00000000dca80000)
  from space 4608K, 94% used [0x00000000de580000,0x00000000de9be4f0,0x00000000dea00000)
  to   space 8192K, 0% used [0x00000000dda00000,0x00000000dda00000,0x00000000de200000)
 ParOldGen       total 52224K, used 6418K [0x0000000081400000, 0x0000000084700000, 0x00000000d5c00000)
  object space 52224K, 12% used [0x0000000081400000,0x0000000081a44a00,0x0000000084700000)
 Metaspace       used 23143K, capacity 23800K, committed 23936K, reserved 1071104K
  class space    used 2967K, capacity 3146K, committed 3200K, reserved 1048576K
}
Event: 7.148 GC heap before
{Heap before GC invocations=8 (full 1):
 PSYoungGen      total 117760K, used 117497K [0x00000000d5c00000, 0x00000000dea00000, 0x0000000100000000)
  eden space 113152K, 100% used [0x00000000d5c00000,0x00000000dca80000,0x00000000dca80000)
  from space 4608K, 94% used [0x00000000de580000,0x00000000de9be4f0,0x00000000dea00000)
  to   space 8192K, 0% used [0x00000000dda00000,0x00000000dda00000,0x00000000de200000)
 ParOldGen       total 52224K, used 6418K [0x0000000081400000, 0x0000000084700000, 0x00000000d5c00000)
  object space 52224K, 12% used [0x0000000081400000,0x0000000081a44a00,0x0000000084700000)
 Metaspace       used 31205K, capacity 32328K, committed 32512K, reserved 1077248K
  class space    used 4054K, capacity 4288K, committed 4352K, reserved 1048576K
Event: 7.174 GC heap after
Heap after GC invocations=8 (full 1):
 PSYoungGen      total 137216K, used 8167K [0x00000000d5c00000, 0x00000000e2880000, 0x0000000100000000)
  eden space 129024K, 0% used [0x00000000d5c00000,0x00000000d5c00000,0x00000000dda00000)
  from space 8192K, 99% used [0x00000000dda00000,0x00000000de1f9ed8,0x00000000de200000)
  to   space 10752K, 0% used [0x00000000e1e00000,0x00000000e1e00000,0x00000000e2880000)
 ParOldGen       total 52224K, used 10174K [0x0000000081400000, 0x0000000084700000, 0x00000000d5c00000)
  object space 52224K, 19% used [0x0000000081400000,0x0000000081def850,0x0000000084700000)
 Metaspace       used 31205K, capacity 32328K, committed 32512K, reserved 1077248K
  class space    used 4054K, capacity 4288K, committed 4352K, reserved 1048576K
}
Event: 7.574 GC heap before
{Heap before GC invocations=9 (full 1):
 PSYoungGen      total 137216K, used 23844K [0x00000000d5c00000, 0x00000000e2880000, 0x0000000100000000)
  eden space 129024K, 12% used [0x00000000d5c00000,0x00000000d6b4f1b8,0x00000000dda00000)
  from space 8192K, 99% used [0x00000000dda00000,0x00000000de1f9ed8,0x00000000de200000)
  to   space 10752K, 0% used [0x00000000e1e00000,0x00000000e1e00000,0x00000000e2880000)
 ParOldGen       total 52224K, used 10174K [0x0000000081400000, 0x0000000084700000, 0x00000000d5c00000)
  object space 52224K, 19% used [0x0000000081400000,0x0000000081def850,0x0000000084700000)
 Metaspace       used 34143K, capacity 35280K, committed 35416K, reserved 1079296K
  class space    used 4343K, capacity 4610K, committed 4696K, reserved 1048576K
Event: 7.595 GC heap after
Heap after GC invocations=9 (full 1):
 PSYoungGen      total 197632K, used 9396K [0x00000000d5c00000, 0x00000000e4b00000, 0x0000000100000000)
  eden space 186880K, 0% used [0x00000000d5c00000,0x00000000d5c00000,0x00000000e1280000)
  from space 10752K, 87% used [0x00000000e1e00000,0x00000000e272d1d8,0x00000000e2880000)
  to   space 11776K, 0% used [0x00000000e1280000,0x00000000e1280000,0x00000000e1e00000)
 ParOldGen       total 52224K, used 10182K [0x0000000081400000, 0x0000000084700000, 0x00000000d5c00000)
  object space 52224K, 19% used [0x0000000081400000,0x0000000081df1850,0x0000000084700000)
 Metaspace       used 34143K, capacity 35280K, committed 35416K, reserved 1079296K
  class space    used 4343K, capacity 4610K, committed 4696K, reserved 1048576K
}
Event: 7.595 GC heap before
{Heap before GC invocations=10 (full 2):
 PSYoungGen      total 197632K, used 9396K [0x00000000d5c00000, 0x00000000e4b00000, 0x0000000100000000)
  eden space 186880K, 0% used [0x00000000d5c00000,0x00000000d5c00000,0x00000000e1280000)
  from space 10752K, 87% used [0x00000000e1e00000,0x00000000e272d1d8,0x00000000e2880000)
  to   space 11776K, 0% used [0x00000000e1280000,0x00000000e1280000,0x00000000e1e00000)
 ParOldGen       total 52224K, used 10182K [0x0000000081400000, 0x0000000084700000, 0x00000000d5c00000)
  object space 52224K, 19% used [0x0000000081400000,0x0000000081df1850,0x0000000084700000)
 Metaspace       used 34143K, capacity 35280K, committed 35416K, reserved 1079296K
  class space    used 4343K, capacity 4610K, committed 4696K, reserved 1048576K
Event: 7.720 GC heap after
Heap after GC invocations=10 (full 2):
 PSYoungGen      total 197632K, used 0K [0x00000000d5c00000, 0x00000000e4b00000, 0x0000000100000000)
  eden space 186880K, 0% used [0x00000000d5c00000,0x00000000d5c00000,0x00000000e1280000)
  from space 10752K, 0% used [0x00000000e1e00000,0x00000000e1e00000,0x00000000e2880000)
  to   space 11776K, 0% used [0x00000000e1280000,0x00000000e1280000,0x00000000e1e00000)
 ParOldGen       total 78848K, used 13759K [0x0000000081400000, 0x0000000086100000, 0x00000000d5c00000)
  object space 78848K, 17% used [0x0000000081400000,0x000000008216fde0,0x0000000086100000)
 Metaspace       used 34143K, capacity 35280K, committed 35416K, reserved 1079296K
  class space    used 4343K, capacity 4610K, committed 4696K, reserved 1048576K
}
Event: 14.566 GC heap before
{Heap before GC invocations=11 (full 2):
 PSYoungGen      total 197632K, used 186880K [0x00000000d5c00000, 0x00000000e4b00000, 0x0000000100000000)
  eden space 186880K, 100% used [0x00000000d5c00000,0x00000000e1280000,0x00000000e1280000)
  from space 10752K, 0% used [0x00000000e1e00000,0x00000000e1e00000,0x00000000e2880000)
  to   space 11776K, 0% used [0x00000000e1280000,0x00000000e1280000,0x00000000e1e00000)
 ParOldGen       total 78848K, used 13759K [0x0000000081400000, 0x0000000086100000, 0x00000000d5c00000)
  object space 78848K, 17% used [0x0000000081400000,0x000000008216fde0,0x0000000086100000)
 Metaspace       used 52873K, capacity 55072K, committed 55256K, reserved 1097728K
  class space    used 7245K, capacity 7630K, committed 7640K, reserved 1048576K
Event: 14.661 GC heap after
Heap after GC invocations=11 (full 2):
 PSYoungGen      total 198656K, used 11757K [0x00000000d5c00000, 0x00000000e7000000, 0x0000000100000000)
  eden space 186880K, 0% used [0x00000000d5c00000,0x00000000d5c00000,0x00000000e1280000)
  from space 11776K, 99% used [0x00000000e1280000,0x00000000e1dfb628,0x00000000e1e00000)
  to   space 16896K, 0% used [0x00000000e5f80000,0x00000000e5f80000,0x00000000e7000000)
 ParOldGen       total 78848K, used 22929K [0x0000000081400000, 0x0000000086100000, 0x00000000d5c00000)
  object space 78848K, 29% used [0x0000000081400000,0x0000000082a64620,0x0000000086100000)
 Metaspace       used 52873K, capacity 55072K, committed 55256K, reserved 1097728K
  class space    used 7245K, capacity 7630K, committed 7640K, reserved 1048576K
}

Deoptimization events (10 events):
Event: 15.122 Thread 0x000000ca838b5800 Uncommon trap: reason=null_check action=make_not_entrant pc=0x000000ca860d9b0c method=org.springframework.core.annotation.AnnotatedElementUtils.searchWithGetSemanticsInAnnotations(Ljava/lang/reflect/AnnotatedElement;Ljava/util/List;Ljava/util/Set;Ljava/la
Event: 15.467 Thread 0x000000ca838b5800 Uncommon trap: reason=bimorphic action=maybe_recompile pc=0x000000ca860ffd58 method=org.springframework.core.SerializableTypeWrapper.forTypeProvider(Lorg/springframework/core/SerializableTypeWrapper$TypeProvider;)Ljava/lang/reflect/Type; @ 1
Event: 15.551 Thread 0x000000ca838b5800 Uncommon trap: reason=bimorphic action=maybe_recompile pc=0x000000ca860ffd58 method=org.springframework.core.SerializableTypeWrapper.forTypeProvider(Lorg/springframework/core/SerializableTypeWrapper$TypeProvider;)Ljava/lang/reflect/Type; @ 1
Event: 15.564 Thread 0x000000ca838b5800 Uncommon trap: reason=unstable_if action=reinterpret pc=0x000000ca86060c08 method=org.springframework.core.annotation.AnnotatedElementUtils.searchWithFindSemantics(Ljava/lang/reflect/AnnotatedElement;Ljava/util/Set;Ljava/lang/String;Ljava/lang/Class;Lorg/
Event: 16.357 Thread 0x000000ca838b5800 Uncommon trap: reason=unstable_if action=reinterpret pc=0x000000ca85ad97b4 method=java.util.concurrent.ConcurrentHashMap.putVal(Ljava/lang/Object;Ljava/lang/Object;Z)Ljava/lang/Object; @ 331
Event: 16.361 Thread 0x000000ca838b5800 Uncommon trap: reason=unstable_if action=reinterpret pc=0x000000ca8546e4a0 method=java.util.concurrent.ConcurrentHashMap.get(Ljava/lang/Object;)Ljava/lang/Object; @ 86
Event: 16.391 Thread 0x000000ca838b5800 Uncommon trap: reason=unstable_if action=reinterpret pc=0x000000ca86150eec method=java.util.WeakHashMap.get(Ljava/lang/Object;)Ljava/lang/Object; @ 56
Event: 16.391 Thread 0x000000ca838b5800 Uncommon trap: reason=unstable_if action=reinterpret pc=0x000000ca85f4c208 method=java.util.WeakHashMap.put(Ljava/lang/Object;Ljava/lang/Object;)Ljava/lang/Object; @ 47
Event: 17.670 Thread 0x000000ca838b5800 Uncommon trap: reason=unstable_if action=reinterpret pc=0x000000ca86088bd0 method=org.springframework.beans.factory.support.AbstractBeanFactory.isTypeMatch(Ljava/lang/String;Lorg/springframework/core/ResolvableType;)Z @ 26
Event: 18.115 Thread 0x000000ca838b5800 Uncommon trap: reason=unstable_if action=reinterpret pc=0x000000ca857bfcb4 method=java.util.concurrent.ConcurrentHashMap.transfer([Ljava/util/concurrent/ConcurrentHashMap$Node;[Ljava/util/concurrent/ConcurrentHashMap$Node;)V @ 356

Classes redefined (0 events):
No events

Internal exceptions (10 events):
Event: 18.453 Thread 0x000000ca838b5800 Exception <a 'java/lang/ClassNotFoundException': org/springframework/context/annotation/ConfigurationClassEnhancer$EnhancedConfigurationCustomizer> (0x00000000dd6fa010) thrown at [C:\jenkins\workspace\8-2-build-windows-amd64-cygwin\jdk8u261\295\hotspot\sr
Event: 18.454 Thread 0x000000ca838b5800 Exception <a 'java/lang/ClassNotFoundException': org/springframework/beans/factory/BeanFactoryAwareCustomizer> (0x00000000dd713398) thrown at [C:\jenkins\workspace\8-2-build-windows-amd64-cygwin\jdk8u261\295\hotspot\src\share\vm\classfile\systemDictionary
Event: 18.454 Thread 0x000000ca838b5800 Exception <a 'java/lang/ClassNotFoundException': org/springframework/beans/factory/AwareCustomizer> (0x00000000dd72a768) thrown at [C:\jenkins\workspace\8-2-build-windows-amd64-cygwin\jdk8u261\295\hotspot\src\share\vm\classfile\systemDictionary.cpp, line 
Event: 18.457 Thread 0x000000ca838b5800 Exception <a 'java/lang/ClassNotFoundException': java/lang/ObjectCustomizer> (0x00000000dd73a890) thrown at [C:\jenkins\workspace\8-2-build-windows-amd64-cygwin\jdk8u261\295\hotspot\src\share\vm\classfile\systemDictionary.cpp, line 210]
Event: 18.457 Thread 0x000000ca838b5800 Exception <a 'java/lang/ClassNotFoundException': org/springframework/boot/autoconfigure/orm/jpa/JpaBaseConfiguration$JpaWebConfigurationCustomizer> (0x00000000dd761938) thrown at [C:\jenkins\workspace\8-2-build-windows-amd64-cygwin\jdk8u261\295\hotspot\sr
Event: 18.458 Thread 0x000000ca838b5800 Exception <a 'java/lang/ClassNotFoundException': org/springframework/boot/autoconfigure/orm/jpa/JpaBaseConfiguration$JpaWebConfiguration$$EnhancerBySpringCGLIB$$ab48c1a3Customizer> (0x00000000dd78f140) thrown at [C:\jenkins\workspace\8-2-build-windows-amd
Event: 18.459 Thread 0x000000ca838b5800 Exception <a 'java/lang/ClassNotFoundException': org/springframework/context/annotation/ConfigurationClassEnhancer$EnhancedConfigurationCustomizer> (0x00000000dd7b8630) thrown at [C:\jenkins\workspace\8-2-build-windows-amd64-cygwin\jdk8u261\295\hotspot\sr
Event: 18.459 Thread 0x000000ca838b5800 Exception <a 'java/lang/ClassNotFoundException': org/springframework/beans/factory/BeanFactoryAwareCustomizer> (0x00000000dd7d19b8) thrown at [C:\jenkins\workspace\8-2-build-windows-amd64-cygwin\jdk8u261\295\hotspot\src\share\vm\classfile\systemDictionary
Event: 18.460 Thread 0x000000ca838b5800 Exception <a 'java/lang/ClassNotFoundException': org/springframework/beans/factory/AwareCustomizer> (0x00000000dd7e8d88) thrown at [C:\jenkins\workspace\8-2-build-windows-amd64-cygwin\jdk8u261\295\hotspot\src\share\vm\classfile\systemDictionary.cpp, line 
Event: 18.475 Thread 0x000000ca838b5800 Exception <a 'java/lang/ClassNotFoundException': java/lang/ObjectCustomizer> (0x00000000dd884940) thrown at [C:\jenkins\workspace\8-2-build-windows-amd64-cygwin\jdk8u261\295\hotspot\src\share\vm\classfile\systemDictionary.cpp, line 210]

Events (10 events):
Event: 18.473 loading class org/springframework/transaction/support/AbstractTransactionStatus
Event: 18.473 loading class org/springframework/transaction/support/AbstractTransactionStatus done
Event: 18.474 loading class org/springframework/transaction/support/AbstractPlatformTransactionManager$SuspendedResourcesHolder
Event: 18.474 loading class org/springframework/transaction/support/AbstractPlatformTransactionManager$SuspendedResourcesHolder done
Event: 18.475 loading class java/lang/ObjectCustomizer
Event: 18.475 loading class java/lang/ObjectCustomizer done
Event: 18.475 loading class java/lang/ObjectCustomizer
Event: 18.475 loading class java/lang/ObjectCustomizer done
Event: 18.476 loading class org/springframework/transaction/support/AbstractPlatformTransactionManagerCustomizer
Event: 18.476 loading class org/springframework/transaction/support/AbstractPlatformTransactionManagerCustomizer done


Dynamic libraries:
0x00007ff6fad10000 - 0x00007ff6fad57000 	C:\Program Files\Java\jdk1.8.0_261\jre\bin\java.exe
0x00007ff804930000 - 0x00007ff804add000 	C:\WINDOWS\SYSTEM32\ntdll.dll
0x00007ff802150000 - 0x00007ff80228f000 	C:\WINDOWS\system32\KERNEL32.DLL
0x00007ff801d60000 - 0x00007ff801e75000 	C:\WINDOWS\system32\KERNELBASE.dll
0x00007ff800620000 - 0x00007ff8006ae000 	C:\WINDOWS\system32\apphelp.dll
0x00007fffd70e0000 - 0x00007fffd7135000 	C:\WINDOWS\AppPatch\AppPatch64\AcGenral.DLL
0x00007ff8026b0000 - 0x00007ff80275a000 	C:\WINDOWS\system32\msvcrt.dll
0x00007ff801f30000 - 0x00007ff801f5e000 	C:\WINDOWS\system32\SspiCli.dll
0x00007ff802760000 - 0x00007ff8027b4000 	C:\WINDOWS\system32\SHLWAPI.dll
0x00007ff802290000 - 0x00007ff802407000 	C:\WINDOWS\system32\USER32.dll
0x00007ff801fb0000 - 0x00007ff802145000 	C:\WINDOWS\system32\ole32.dll
0x00007ff802ab0000 - 0x00007ff803fde000 	C:\WINDOWS\system32\SHELL32.dll
0x00007ff8010a0000 - 0x00007ff8010c1000 	C:\WINDOWS\SYSTEM32\USERENV.dll
0x00007ff804410000 - 0x00007ff8044ba000 	C:\WINDOWS\system32\ADVAPI32.dll
0x00007ffff7510000 - 0x00007ffff752e000 	C:\WINDOWS\SYSTEM32\MPR.dll
0x00007ff802970000 - 0x00007ff802ab0000 	C:\WINDOWS\system32\RPCRT4.dll
0x00007ff802410000 - 0x00007ff802468000 	C:\WINDOWS\SYSTEM32\sechost.dll
0x00007ff8044c0000 - 0x00007ff8046d1000 	C:\WINDOWS\SYSTEM32\combase.dll
0x00007ff8041a0000 - 0x00007ff8042ed000 	C:\WINDOWS\system32\GDI32.dll
0x00007ff801a50000 - 0x00007ff801a65000 	C:\WINDOWS\SYSTEM32\profapi.dll
0x00007ffffff20000 - 0x00007ffffffd2000 	C:\WINDOWS\SYSTEM32\SHCORE.dll
0x00007ff804300000 - 0x00007ff804336000 	C:\WINDOWS\system32\IMM32.DLL
0x00007ff803fe0000 - 0x00007ff804131000 	C:\WINDOWS\system32\MSCTF.dll
0x00007fffff4b0000 - 0x00007fffff72b000 	C:\WINDOWS\WinSxS\amd64_microsoft.windows.common-controls_6595b64144ccf1df_6.0.9600.19394_none_62486577ecb635cf\COMCTL32.dll
0x00007fffddd20000 - 0x00007fffddd35000 	C:\Program Files\Java\jdk1.8.0_261\jre\bin\vcruntime140.dll
0x00007fffdb0f0000 - 0x00007fffdb0f4000 	C:\Program Files\Java\jdk1.8.0_261\jre\bin\api-ms-win-crt-runtime-l1-1-0.dll
0x00007fffd7170000 - 0x00007fffd7173000 	C:\Program Files\Java\jdk1.8.0_261\jre\bin\api-ms-win-crt-heap-l1-1-0.dll
0x00007fffd7160000 - 0x00007fffd7164000 	C:\Program Files\Java\jdk1.8.0_261\jre\bin\api-ms-win-crt-string-l1-1-0.dll
0x00007fffd7150000 - 0x00007fffd7154000 	C:\Program Files\Java\jdk1.8.0_261\jre\bin\api-ms-win-crt-stdio-l1-1-0.dll
0x00007fffd7140000 - 0x00007fffd7144000 	C:\Program Files\Java\jdk1.8.0_261\jre\bin\api-ms-win-crt-convert-l1-1-0.dll
0x00007fffc7420000 - 0x00007fffc751c000 	C:\Program Files\Java\jdk1.8.0_261\jre\bin\ucrtbase.DLL
0x00007fffcc330000 - 0x00007fffcc3cb000 	C:\Program Files\Java\jdk1.8.0_261\jre\bin\msvcp140.dll
0x00007fffd70b0000 - 0x00007fffd70b3000 	C:\Program Files\Java\jdk1.8.0_261\jre\bin\api-ms-win-crt-locale-l1-1-0.dll
0x00007fffd70a0000 - 0x00007fffd70a5000 	C:\Program Files\Java\jdk1.8.0_261\jre\bin\api-ms-win-crt-math-l1-1-0.dll
0x00007fffd7090000 - 0x00007fffd7093000 	C:\Program Files\Java\jdk1.8.0_261\jre\bin\api-ms-win-crt-filesystem-l1-1-0.dll
0x00007fffd7020000 - 0x00007fffd7023000 	C:\Program Files\Java\jdk1.8.0_261\jre\bin\api-ms-win-crt-time-l1-1-0.dll
0x00007fffd6cf0000 - 0x00007fffd6cf3000 	C:\Program Files\Java\jdk1.8.0_261\jre\bin\api-ms-win-crt-environment-l1-1-0.dll
0x00007fffd3db0000 - 0x00007fffd3db3000 	C:\Program Files\Java\jdk1.8.0_261\jre\bin\api-ms-win-crt-utility-l1-1-0.dll
0x000000005fc40000 - 0x00000000604ac000 	C:\Program Files\Java\jdk1.8.0_261\jre\bin\server\jvm.dll
0x00007ffff6f80000 - 0x00007ffff6f89000 	C:\WINDOWS\SYSTEM32\WSOCK32.dll
0x00007ffffc7e0000 - 0x00007ffffc802000 	C:\WINDOWS\SYSTEM32\WINMM.dll
0x00007ffffbd00000 - 0x00007ffffbd0a000 	C:\WINDOWS\SYSTEM32\VERSION.dll
0x00007ff8042f0000 - 0x00007ff8042f7000 	C:\WINDOWS\system32\PSAPI.DLL
0x00007ff8048c0000 - 0x00007ff80491a000 	C:\WINDOWS\system32\WS2_32.dll
0x00007ffffc7b0000 - 0x00007ffffc7da000 	C:\WINDOWS\SYSTEM32\WINMMBASE.dll
0x00007ff802470000 - 0x00007ff802479000 	C:\WINDOWS\system32\NSI.dll
0x00007ff801f60000 - 0x00007ff801faf000 	C:\WINDOWS\SYSTEM32\cfgmgr32.dll
0x00007ff800890000 - 0x00007ff8008b8000 	C:\WINDOWS\SYSTEM32\DEVOBJ.dll
0x00007ffff4380000 - 0x00007ffff4390000 	C:\Program Files\Java\jdk1.8.0_261\jre\bin\verify.dll
0x00007fffdc3f0000 - 0x00007fffdc41b000 	C:\Program Files\Java\jdk1.8.0_261\jre\bin\java.dll
0x00007fffdc240000 - 0x00007fffdc258000 	C:\Program Files\Java\jdk1.8.0_261\jre\bin\zip.dll
0x00007fffdc3e0000 - 0x00007fffdc3ed000 	C:\Program Files\Java\jdk1.8.0_261\jre\bin\management.dll
0x00007fffd70c0000 - 0x00007fffd70dc000 	C:\Program Files\Java\jdk1.8.0_261\jre\bin\net.dll
0x00007ff801360000 - 0x00007ff8013b9000 	C:\WINDOWS\system32\mswsock.dll
0x00007fffcc8b0000 - 0x00007fffcc8c3000 	C:\Program Files\Java\jdk1.8.0_261\jre\bin\nio.dll
0x00007ffff7020000 - 0x00007ffff7035000 	C:\WINDOWS\system32\napinsp.dll
0x00007ffff7000000 - 0x00007ffff701a000 	C:\WINDOWS\system32\pnrpnsp.dll
0x00007ffffec00000 - 0x00007ffffec1b000 	C:\WINDOWS\system32\NLAapi.dll
0x00007ff801160000 - 0x00007ff801204000 	C:\WINDOWS\SYSTEM32\DNSAPI.dll
0x00007ffff81a0000 - 0x00007ffff81ad000 	C:\WINDOWS\System32\winrnr.dll
0x00007ffff6c80000 - 0x00007ffff6c94000 	C:\WINDOWS\system32\wshbth.dll
0x00007ffff6c70000 - 0x00007ffff6c7a000 	C:\Windows\System32\rasadhlp.dll
0x00007fffffa90000 - 0x00007fffffaba000 	C:\WINDOWS\SYSTEM32\IPHLPAPI.DLL
0x00007fffff4a0000 - 0x00007fffff4aa000 	C:\WINDOWS\SYSTEM32\WINNSI.DLL
0x00007ffffc1e0000 - 0x00007ffffc24b000 	C:\WINDOWS\System32\fwpuclnt.dll
0x00007ff8013c0000 - 0x00007ff8013e0000 	C:\WINDOWS\SYSTEM32\CRYPTSP.dll
0x00007ff800f90000 - 0x00007ff800fc6000 	C:\WINDOWS\system32\rsaenh.dll
0x00007ff801600000 - 0x00007ff801626000 	C:\WINDOWS\SYSTEM32\bcrypt.dll
0x00007ff801920000 - 0x00007ff801983000 	C:\WINDOWS\system32\bcryptprimitives.dll
0x00007ff801990000 - 0x00007ff80199b000 	C:\WINDOWS\SYSTEM32\CRYPTBASE.dll
0x00007ffffbd10000 - 0x00007ffffbd26000 	C:\WINDOWS\SYSTEM32\dhcpcsvc6.DLL
0x00007ffffc2c0000 - 0x00007ffffc2da000 	C:\WINDOWS\SYSTEM32\dhcpcsvc.DLL

VM Arguments:
java_command: C:\Users\cexy\AppData\Local\Temp\surefire8349173355224164424\surefirebooter495371952159916614.jar C:\Users\cexy\AppData\Local\Temp\surefire8349173355224164424 2020-09-25T00-14-31_240-jvmRun1 surefire8133543605954873462tmp surefire_06358347418317670785tmp
java_class_path (initial): C:\Users\cexy\AppData\Local\Temp\surefire8349173355224164424\surefirebooter495371952159916614.jar
Launcher Type: SUN_STANDARD

Environment Variables:
JAVA_HOME=C:\Program Files\Java\jdk-13.0.1
PATH=C:\Program Files (x86)\Common Files\Oracle\Java\javapath;C:\Program Files (x86)\Microsoft SQL Server\150\DTS\Binn\;C:\Program Files\Microsoft SQL Server\Client SDK\ODBC\130\Tools\Binn\;C:\Program Files (x86)\Microsoft SQL Server\140\Tools\Binn\;C:\Program Files\Microsoft SQL Server\140\Tools\Binn\;C:\Program Files\Microsoft SQL Server\140\DTS\Binn\;C:\Program Files\Microsoft VS Code\bin;C:\Program Files\Git\cmd;C:\Program Files\nodejs\;C:\Program Files\MySQL\MySQL Shell 8.0\bin\;C:\Program Files\Maven\apache-maven-3.6.3\bin\;C:\Users\cexy\AppData\Roaming\npm
USERNAME=cexy
OS=Windows_NT
PROCESSOR_IDENTIFIER=Intel64 Family 6 Model 61 Stepping 4, GenuineIntel



---------------  S Y S T E M  ---------------

OS: Windows 8.1 , 64 bit Build 9600 (6.3.9600.19719)

CPU:total 4 (initial active 4) (2 cores per cpu, 2 threads per core) family 6 model 61 stepping 4, cmov, cx8, fxsr, mmx, sse, sse2, sse3, ssse3, sse4.1, sse4.2, popcnt, avx, avx2, aes, clmul, erms, 3dnowpref, lzcnt, ht, tsc, tscinvbit, bmi1, bmi2, adx

Memory: 4k page, physical 8303640k(115332k free), swap 11449368k(5108k free)

vm_info: Java HotSpot(TM) 64-Bit Server VM (25.261-b12) for windows-amd64 JRE (1.8.0_261-b12), built on Jun 18 2020 06:56:32 by "" with unknown MS VC++:1916

time: Fri Sep 25 00:14:50 2020
timezone: Central European Standard Time
elapsed time: 18 seconds (0d 0h 0m 18s)

