
#
# There is insufficient memory for the Java Runtime Environment to continue.
# Native memory allocation (malloc) failed to allocate 156016 bytes for Chunk::new
# Possible reasons:
#   The system is out of physical RAM or swap space
#   The process is running with CompressedOops enabled, and the Java Heap may be blocking the growth of the native heap
# Possible solutions:
#   Reduce memory load on the system
#   Increase physical memory or swap space
#   Check if swap backing store is full
#   Decrease Java heap size (-Xmx/-Xms)
#   Decrease number of Java threads
#   Decrease Java thread stack sizes (-Xss)
#   Set larger code cache with -XX:ReservedCodeCacheSize=
#   JVM is running with Unscaled Compressed Oops mode in which the Java heap is
#     placed in the first 4GB address space. The Java Heap base address is the
#     maximum limit for the native heap growth. Please use -XX:HeapBaseMinAddress
#     to set the Java Heap base and to place the Java Heap above 4GB virtual address.
# This output file may be truncated or incomplete.
#
#  Out of Memory Error (allocation.cpp:389), pid=7872, tid=0x0000000000001de0
#
# JRE version: Java(TM) SE Runtime Environment (8.0_261-b12) (build 1.8.0_261-b12)
# Java VM: Java HotSpot(TM) 64-Bit Server VM (25.261-b12 mixed mode windows-amd64 compressed oops)
# Failed to write core dump. Minidumps are not enabled by default on client versions of Windows
#

---------------  T H R E A D  ---------------

Current thread (0x00000089a0710800):  JavaThread "C2 CompilerThread1" daemon [_thread_in_native, id=7648, stack(0x00000089a1970000,0x00000089a1a70000)]

Stack: [0x00000089a1970000,0x00000089a1a70000]
Native frames: (J=compiled Java code, j=interpreted, Vv=VM code, C=native code)
V  [jvm.dll+0x33e5f9]


Current CompileTask:
C2:  36206 3973 % !   4       java.io.BufferedReader::readLine @ 131 (304 bytes)


---------------  P R O C E S S  ---------------

Java Threads: ( => current thread )
  0x00000089a2613000 JavaThread "Thread-5" [_thread_in_native, id=4368, stack(0x00000089a9130000,0x00000089a9230000)]
  0x00000089a2612000 JavaThread "Thread-4" [_thread_in_native, id=11564, stack(0x00000089a9030000,0x00000089a9130000)]
  0x00000089a2611800 JavaThread "Thread-3" [_thread_blocked, id=10420, stack(0x00000089a8f30000,0x00000089a9030000)]
  0x00000089a2613800 JavaThread "ThreadedStreamConsumer" daemon [_thread_in_vm, id=4560, stack(0x00000089a8e30000,0x00000089a8f30000)]
  0x00000089a295a000 JavaThread "ping-timer-10s" daemon [_thread_blocked, id=10192, stack(0x00000089a8d30000,0x00000089a8e30000)]
  0x00000089a1d88000 JavaThread "timeout-check-timer" daemon [_thread_blocked, id=2004, stack(0x00000089a8c30000,0x00000089a8d30000)]
  0x00000089a2dc7800 JavaThread "resolver-5" daemon [_thread_blocked, id=9580, stack(0x00000089a7aa0000,0x00000089a7ba0000)]
  0x00000089a2e1a800 JavaThread "resolver-4" daemon [_thread_blocked, id=10252, stack(0x00000089a79a0000,0x00000089a7aa0000)]
  0x00000089a2197800 JavaThread "resolver-3" daemon [_thread_blocked, id=7432, stack(0x00000089a78a0000,0x00000089a79a0000)]
  0x00000089a2929800 JavaThread "resolver-2" daemon [_thread_blocked, id=10112, stack(0x00000089a77a0000,0x00000089a78a0000)]
  0x00000089a3d0d800 JavaThread "resolver-1" daemon [_thread_blocked, id=9664, stack(0x00000089a76a0000,0x00000089a77a0000)]
  0x00000089a079e800 JavaThread "Service Thread" daemon [_thread_blocked, id=10860, stack(0x00000089a1b70000,0x00000089a1c70000)]
  0x00000089a071f000 JavaThread "C1 CompilerThread2" daemon [_thread_blocked, id=11872, stack(0x00000089a1a70000,0x00000089a1b70000)]
=>0x00000089a0710800 JavaThread "C2 CompilerThread1" daemon [_thread_in_native, id=7648, stack(0x00000089a1970000,0x00000089a1a70000)]
  0x00000089a0704800 JavaThread "C2 CompilerThread0" daemon [_thread_blocked, id=5980, stack(0x00000089a1870000,0x00000089a1970000)]
  0x00000089a0702000 JavaThread "Monitor Ctrl-Break" daemon [_thread_in_native, id=1244, stack(0x00000089a1770000,0x00000089a1870000)]
  0x00000089a06d4000 JavaThread "Attach Listener" daemon [_thread_blocked, id=9804, stack(0x00000089a1660000,0x00000089a1760000)]
  0x00000089a06d3000 JavaThread "Signal Dispatcher" daemon [_thread_blocked, id=11680, stack(0x00000089a1560000,0x00000089a1660000)]
  0x00000089a0671800 JavaThread "Finalizer" daemon [_thread_blocked, id=12136, stack(0x00000089a1350000,0x00000089a1450000)]
  0x00000089a0668000 JavaThread "Reference Handler" daemon [_thread_blocked, id=10380, stack(0x00000089a1250000,0x00000089a1350000)]
  0x0000008989adb800 JavaThread "main" [_thread_in_native, id=11448, stack(0x000000898b330000,0x000000898b430000)]

Other Threads:
  0x00000089a0664800 VMThread [stack: 0x00000089a1150000,0x00000089a1250000] [id=8996]
  0x00000089a1c7b800 WatcherThread [stack: 0x00000089a2070000,0x00000089a2170000] [id=8980]

VM state:not at safepoint (normal execution)

VM Mutex/Monitor currently owned by a thread: None

heap address: 0x0000000081400000, size: 2028 MB, Compressed Oops mode: 32-bit
Narrow klass base: 0x0000000000000000, Narrow klass shift: 3
Compressed class space size: 1073741824 Address: 0x0000000100000000

Heap:
 PSYoungGen      total 144896K, used 119385K [0x00000000d5c00000, 0x00000000df700000, 0x0000000100000000)
  eden space 132608K, 82% used [0x00000000d5c00000,0x00000000dc736438,0x00000000ddd80000)
  from space 12288K, 78% used [0x00000000dea00000,0x00000000df360040,0x00000000df600000)
  to   space 12800K, 0% used [0x00000000ddd80000,0x00000000ddd80000,0x00000000dea00000)
 ParOldGen       total 87552K, used 12202K [0x0000000081400000, 0x0000000086980000, 0x00000000d5c00000)
  object space 87552K, 13% used [0x0000000081400000,0x0000000081feaa40,0x0000000086980000)
 Metaspace       used 20009K, capacity 20508K, committed 20608K, reserved 1067008K
  class space    used 2273K, capacity 2428K, committed 2432K, reserved 1048576K

Card table byte_map: [0x000000899a820000,0x000000899ac20000] byte_map_base: 0x000000899a416000

Marking Bits: (ParMarkBitMap*) 0x0000000060434fb0
 Begin Bits: [0x000000899b2d0000, 0x000000899d280000)
 End Bits:   [0x000000899d280000, 0x000000899f230000)

Polling page: 0x000000898b430000

CodeCache: size=245760Kb used=12126Kb max_used=13888Kb free=233633Kb
 bounds [0x000000898b460000, 0x000000898c210000, 0x000000899a460000]
 total_blobs=3790 nmethods=3378 adapters=324
 compilation: enabled

Compilation events (10 events):
Event: 30.388 Thread 0x00000089a071f000 nmethod 3968 0x000000898bc06cd0 code [0x000000898bc06e20, 0x000000898bc06f18]
Event: 34.893 Thread 0x00000089a071f000 3970       3       java.util.concurrent.locks.AbstractQueuedSynchronizer$ConditionObject::doSignal (43 bytes)
Event: 34.894 Thread 0x00000089a071f000 nmethod 3970 0x000000898ba57bd0 code [0x000000898ba57d40, 0x000000898ba580d0]
Event: 34.976 Thread 0x00000089a071f000 3971       1       org.apache.maven.surefire.shade.org.apache.maven.shared.utils.cli.AbstractStreamHandler::isDisabled (5 bytes)
Event: 34.976 Thread 0x00000089a071f000 nmethod 3971 0x000000898b71f010 code [0x000000898b71f160, 0x000000898b71f278]
Event: 35.262 Thread 0x00000089a071f000 3972       3       java.util.concurrent.locks.AbstractQueuedSynchronizer$ConditionObject::checkInterruptWhileWaiting (27 bytes)
Event: 35.263 Thread 0x00000089a071f000 nmethod 3972 0x000000898ba42650 code [0x000000898ba42820, 0x000000898ba42e80]
Event: 36.189 Thread 0x00000089a0710800 3973 % !   4       java.io.BufferedReader::readLine @ 131 (304 bytes)
Event: 36.189 Thread 0x00000089a071f000 3974       3       java.util.concurrent.atomic.AtomicBoolean::get (13 bytes)
Event: 36.189 Thread 0x00000089a071f000 nmethod 3974 0x000000898b805a10 code [0x000000898b805b60, 0x000000898b805d18]

GC Heap History (10 events):
Event: 4.161 GC heap before
{Heap before GC invocations=2 (full 0):
 PSYoungGen      total 38400K, used 38278K [0x00000000d5c00000, 0x00000000d8680000, 0x0000000100000000)
  eden space 33280K, 100% used [0x00000000d5c00000,0x00000000d7c80000,0x00000000d7c80000)
  from space 5120K, 97% used [0x00000000d7c80000,0x00000000d81618f8,0x00000000d8180000)
  to   space 5120K, 0% used [0x00000000d8180000,0x00000000d8180000,0x00000000d8680000)
 ParOldGen       total 87552K, used 8K [0x0000000081400000, 0x0000000086980000, 0x00000000d5c00000)
  object space 87552K, 0% used [0x0000000081400000,0x0000000081402000,0x0000000086980000)
 Metaspace       used 11222K, capacity 11340K, committed 11520K, reserved 1058816K
  class space    used 1350K, capacity 1413K, committed 1536K, reserved 1048576K
Event: 4.171 GC heap after
Heap after GC invocations=2 (full 0):
 PSYoungGen      total 38400K, used 5089K [0x00000000d5c00000, 0x00000000d8680000, 0x0000000100000000)
  eden space 33280K, 0% used [0x00000000d5c00000,0x00000000d5c00000,0x00000000d7c80000)
  from space 5120K, 99% used [0x00000000d8180000,0x00000000d86786a0,0x00000000d8680000)
  to   space 5120K, 0% used [0x00000000d7c80000,0x00000000d7c80000,0x00000000d8180000)
 ParOldGen       total 87552K, used 720K [0x0000000081400000, 0x0000000086980000, 0x00000000d5c00000)
  object space 87552K, 0% used [0x0000000081400000,0x00000000814b4220,0x0000000086980000)
 Metaspace       used 11222K, capacity 11340K, committed 11520K, reserved 1058816K
  class space    used 1350K, capacity 1413K, committed 1536K, reserved 1048576K
}
Event: 5.380 GC heap before
{Heap before GC invocations=3 (full 0):
 PSYoungGen      total 38400K, used 38369K [0x00000000d5c00000, 0x00000000d8680000, 0x0000000100000000)
  eden space 33280K, 100% used [0x00000000d5c00000,0x00000000d7c80000,0x00000000d7c80000)
  from space 5120K, 99% used [0x00000000d8180000,0x00000000d86786a0,0x00000000d8680000)
  to   space 5120K, 0% used [0x00000000d7c80000,0x00000000d7c80000,0x00000000d8180000)
 ParOldGen       total 87552K, used 720K [0x0000000081400000, 0x0000000086980000, 0x00000000d5c00000)
  object space 87552K, 0% used [0x0000000081400000,0x00000000814b4220,0x0000000086980000)
 Metaspace       used 14480K, capacity 14692K, committed 14976K, reserved 1062912K
  class space    used 1793K, capacity 1877K, committed 1920K, reserved 1048576K
Event: 5.410 GC heap after
Heap after GC invocations=3 (full 0):
 PSYoungGen      total 38400K, used 5116K [0x00000000d5c00000, 0x00000000da700000, 0x0000000100000000)
  eden space 33280K, 0% used [0x00000000d5c00000,0x00000000d5c00000,0x00000000d7c80000)
  from space 5120K, 99% used [0x00000000d7c80000,0x00000000d817f188,0x00000000d8180000)
  to   space 5120K, 0% used [0x00000000da200000,0x00000000da200000,0x00000000da700000)
 ParOldGen       total 87552K, used 2363K [0x0000000081400000, 0x0000000086980000, 0x00000000d5c00000)
  object space 87552K, 2% used [0x0000000081400000,0x000000008164ee20,0x0000000086980000)
 Metaspace       used 14480K, capacity 14692K, committed 14976K, reserved 1062912K
  class space    used 1793K, capacity 1877K, committed 1920K, reserved 1048576K
}
Event: 9.017 GC heap before
{Heap before GC invocations=4 (full 0):
 PSYoungGen      total 38400K, used 38396K [0x00000000d5c00000, 0x00000000da700000, 0x0000000100000000)
  eden space 33280K, 100% used [0x00000000d5c00000,0x00000000d7c80000,0x00000000d7c80000)
  from space 5120K, 99% used [0x00000000d7c80000,0x00000000d817f188,0x00000000d8180000)
  to   space 5120K, 0% used [0x00000000da200000,0x00000000da200000,0x00000000da700000)
 ParOldGen       total 87552K, used 2363K [0x0000000081400000, 0x0000000086980000, 0x00000000d5c00000)
  object space 87552K, 2% used [0x0000000081400000,0x000000008164ee20,0x0000000086980000)
 Metaspace       used 15635K, capacity 15938K, committed 16128K, reserved 1062912K
  class space    used 1893K, capacity 2010K, committed 2048K, reserved 1048576K
Event: 9.315 GC heap after
Heap after GC invocations=4 (full 0):
 PSYoungGen      total 71680K, used 5088K [0x00000000d5c00000, 0x00000000da700000, 0x0000000100000000)
  eden space 66560K, 0% used [0x00000000d5c00000,0x00000000d5c00000,0x00000000d9d00000)
  from space 5120K, 99% used [0x00000000da200000,0x00000000da6f8020,0x00000000da700000)
  to   space 5120K, 0% used [0x00000000d9d00000,0x00000000d9d00000,0x00000000da200000)
 ParOldGen       total 87552K, used 6340K [0x0000000081400000, 0x0000000086980000, 0x00000000d5c00000)
  object space 87552K, 7% used [0x0000000081400000,0x0000000081a31040,0x0000000086980000)
 Metaspace       used 15635K, capacity 15938K, committed 16128K, reserved 1062912K
  class space    used 1893K, capacity 2010K, committed 2048K, reserved 1048576K
}
Event: 13.536 GC heap before
{Heap before GC invocations=5 (full 0):
 PSYoungGen      total 71680K, used 71648K [0x00000000d5c00000, 0x00000000da700000, 0x0000000100000000)
  eden space 66560K, 100% used [0x00000000d5c00000,0x00000000d9d00000,0x00000000d9d00000)
  from space 5120K, 99% used [0x00000000da200000,0x00000000da6f8020,0x00000000da700000)
  to   space 5120K, 0% used [0x00000000d9d00000,0x00000000d9d00000,0x00000000da200000)
 ParOldGen       total 87552K, used 6340K [0x0000000081400000, 0x0000000086980000, 0x00000000d5c00000)
  object space 87552K, 7% used [0x0000000081400000,0x0000000081a31040,0x0000000086980000)
 Metaspace       used 16110K, capacity 16382K, committed 16640K, reserved 1064960K
  class space    used 1922K, capacity 2020K, committed 2048K, reserved 1048576K
Event: 13.582 GC heap after
Heap after GC invocations=5 (full 0):
 PSYoungGen      total 71680K, used 5104K [0x00000000d5c00000, 0x00000000df600000, 0x0000000100000000)
  eden space 66560K, 0% used [0x00000000d5c00000,0x00000000d5c00000,0x00000000d9d00000)
  from space 5120K, 99% used [0x00000000d9d00000,0x00000000da1fc030,0x00000000da200000)
  to   space 12288K, 0% used [0x00000000dea00000,0x00000000dea00000,0x00000000df600000)
 ParOldGen       total 87552K, used 12194K [0x0000000081400000, 0x0000000086980000, 0x00000000d5c00000)
  object space 87552K, 13% used [0x0000000081400000,0x0000000081fe8a40,0x0000000086980000)
 Metaspace       used 16110K, capacity 16382K, committed 16640K, reserved 1064960K
  class space    used 1922K, capacity 2020K, committed 2048K, reserved 1048576K
}
Event: 15.381 GC heap before
{Heap before GC invocations=6 (full 0):
 PSYoungGen      total 71680K, used 71664K [0x00000000d5c00000, 0x00000000df600000, 0x0000000100000000)
  eden space 66560K, 100% used [0x00000000d5c00000,0x00000000d9d00000,0x00000000d9d00000)
  from space 5120K, 99% used [0x00000000d9d00000,0x00000000da1fc030,0x00000000da200000)
  to   space 12288K, 0% used [0x00000000dea00000,0x00000000dea00000,0x00000000df600000)
 ParOldGen       total 87552K, used 12194K [0x0000000081400000, 0x0000000086980000, 0x00000000d5c00000)
  object space 87552K, 13% used [0x0000000081400000,0x0000000081fe8a40,0x0000000086980000)
 Metaspace       used 16572K, capacity 16942K, committed 17280K, reserved 1064960K
  class space    used 1940K, capacity 2054K, committed 2176K, reserved 1048576K
Event: 15.404 GC heap after
Heap after GC invocations=6 (full 0):
 PSYoungGen      total 144896K, used 9600K [0x00000000d5c00000, 0x00000000df700000, 0x0000000100000000)
  eden space 132608K, 0% used [0x00000000d5c00000,0x00000000d5c00000,0x00000000ddd80000)
  from space 12288K, 78% used [0x00000000dea00000,0x00000000df360040,0x00000000df600000)
  to   space 12800K, 0% used [0x00000000ddd80000,0x00000000ddd80000,0x00000000dea00000)
 ParOldGen       total 87552K, used 12202K [0x0000000081400000, 0x0000000086980000, 0x00000000d5c00000)
  object space 87552K, 13% used [0x0000000081400000,0x0000000081feaa40,0x0000000086980000)
 Metaspace       used 16572K, capacity 16942K, committed 17280K, reserved 1064960K
  class space    used 1940K, capacity 2054K, committed 2176K, reserved 1048576K
}

Deoptimization events (10 events):
Event: 17.551 Thread 0x0000008989adb800 Uncommon trap: reason=class_check action=maybe_recompile pc=0x000000898bd1b0d0 method=java.util.Collections$UnmodifiableMap$UnmodifiableEntrySet$1.<init>(Ljava/util/Collections$UnmodifiableMap$UnmodifiableEntrySet;)V @ 17
Event: 17.551 Thread 0x0000008989adb800 Uncommon trap: reason=class_check action=maybe_recompile pc=0x000000898bc369d4 method=java.util.Collections$UnmodifiableMap$UnmodifiableEntrySet$UnmodifiableEntry.<init>(Ljava/util/Map$Entry;)V @ 9
Event: 17.551 Thread 0x0000008989adb800 Uncommon trap: reason=class_check action=maybe_recompile pc=0x000000898bc8bdc0 method=java.util.Collections$UnmodifiableMap$UnmodifiableEntrySet$UnmodifiableEntry.getKey()Ljava/lang/Object; @ 4
Event: 17.551 Thread 0x0000008989adb800 Uncommon trap: reason=class_check action=maybe_recompile pc=0x000000898bc369d4 method=java.util.Collections$UnmodifiableMap$UnmodifiableEntrySet$UnmodifiableEntry.<init>(Ljava/util/Map$Entry;)V @ 9
Event: 17.551 Thread 0x0000008989adb800 Uncommon trap: reason=class_check action=maybe_recompile pc=0x000000898bc8bdc0 method=java.util.Collections$UnmodifiableMap$UnmodifiableEntrySet$UnmodifiableEntry.getKey()Ljava/lang/Object; @ 4
Event: 17.551 Thread 0x0000008989adb800 Uncommon trap: reason=class_check action=maybe_recompile pc=0x000000898bc369d4 method=java.util.Collections$UnmodifiableMap$UnmodifiableEntrySet$UnmodifiableEntry.<init>(Ljava/util/Map$Entry;)V @ 9
Event: 17.551 Thread 0x0000008989adb800 Uncommon trap: reason=class_check action=maybe_recompile pc=0x000000898bc8bdc0 method=java.util.Collections$UnmodifiableMap$UnmodifiableEntrySet$UnmodifiableEntry.getKey()Ljava/lang/Object; @ 4
Event: 17.552 Thread 0x0000008989adb800 Uncommon trap: reason=class_check action=maybe_recompile pc=0x000000898bc369d4 method=java.util.Collections$UnmodifiableMap$UnmodifiableEntrySet$UnmodifiableEntry.<init>(Ljava/util/Map$Entry;)V @ 9
Event: 17.552 Thread 0x0000008989adb800 Uncommon trap: reason=class_check action=maybe_recompile pc=0x000000898bc8bdc0 method=java.util.Collections$UnmodifiableMap$UnmodifiableEntrySet$UnmodifiableEntry.getKey()Ljava/lang/Object; @ 4
Event: 18.205 Thread 0x00000089a2612000 Uncommon trap: reason=unstable_if action=reinterpret pc=0x000000898b9ba3a4 method=java.io.BufferedReader.readLine(Z)Ljava/lang/String; @ 265

Classes redefined (0 events):
No events

Internal exceptions (10 events):
Event: 5.079 Thread 0x0000008989adb800 Implicit null exception at 0x000000898b61be51 to 0x000000898b61c011
Event: 5.443 Thread 0x0000008989adb800 Implicit null exception at 0x000000898b698716 to 0x000000898b698ab9
Event: 5.443 Thread 0x0000008989adb800 Implicit null exception at 0x000000898b661056 to 0x000000898b6613f1
Event: 9.410 Thread 0x0000008989adb800 Implicit null exception at 0x000000898bbb6af7 to 0x000000898bbb6d41
Event: 11.353 Thread 0x0000008989adb800 Implicit null exception at 0x000000898b847c95 to 0x000000898b847e6d
Event: 11.353 Thread 0x0000008989adb800 Implicit null exception at 0x000000898b85e12f to 0x000000898b85e199
Event: 12.309 Thread 0x0000008989adb800 Implicit null exception at 0x000000898bcfbeb0 to 0x000000898bcfd335
Event: 15.656 Thread 0x0000008989adb800 Implicit null exception at 0x000000898bc15e78 to 0x000000898bc162c1
Event: 17.061 Thread 0x0000008989adb800 Exception <a 'java/lang/NoSuchMethodError': org.apache.maven.execution.MavenExecutionRequest.getFailureBehavior()Ljava/lang/String;> (0x00000000d972ec78) thrown at [C:\jenkins\workspace\8-2-build-windows-amd64-cygwin\jdk8u261\295\hotspot\src\share\vm\inte
Event: 17.115 Thread 0x0000008989adb800 Implicit null exception at 0x000000898b6611b7 to 0x000000898b661401

Events (10 events):
Event: 18.397 loading class org/fusesource/jansi/Ansi$Color
Event: 18.397 loading class org/fusesource/jansi/Ansi$Color done
Event: 36.187 loading class org/apache/maven/plugin/surefire/booterclient/output/InPluginProcessDumpSingleton
Event: 36.187 loading class org/apache/maven/plugin/surefire/booterclient/output/InPluginProcessDumpSingleton done
Event: 36.187 loading class org/apache/maven/plugin/surefire/booterclient/output/InPluginProcessDumpSingleton
Event: 36.187 loading class org/apache/maven/plugin/surefire/booterclient/output/InPluginProcessDumpSingleton done
Event: 36.187 loading class org/apache/maven/plugin/surefire/booterclient/output/InPluginProcessDumpSingleton
Event: 36.187 loading class org/apache/maven/plugin/surefire/booterclient/output/InPluginProcessDumpSingleton done
Event: 36.187 loading class org/apache/maven/plugin/surefire/booterclient/output/InPluginProcessDumpSingleton
Event: 36.187 loading class org/apache/maven/plugin/surefire/booterclient/output/InPluginProcessDumpSingleton done


Dynamic libraries:
0x00007ff6f2050000 - 0x00007ff6f2097000 	C:\Program Files\Java\jdk1.8.0_261\bin\java.exe
0x00007ff804930000 - 0x00007ff804add000 	C:\WINDOWS\SYSTEM32\ntdll.dll
0x00007ff802150000 - 0x00007ff80228f000 	C:\WINDOWS\system32\KERNEL32.DLL
0x00007ff801d60000 - 0x00007ff801e75000 	C:\WINDOWS\system32\KERNELBASE.dll
0x00007ff800620000 - 0x00007ff8006ae000 	C:\WINDOWS\system32\apphelp.dll
0x00007fffd70e0000 - 0x00007fffd7135000 	C:\WINDOWS\AppPatch\AppPatch64\AcGenral.DLL
0x00007ff8026b0000 - 0x00007ff80275a000 	C:\WINDOWS\system32\msvcrt.dll
0x00007ff801f30000 - 0x00007ff801f5e000 	C:\WINDOWS\system32\SspiCli.dll
0x00007ff802760000 - 0x00007ff8027b4000 	C:\WINDOWS\system32\SHLWAPI.dll
0x00007ff802290000 - 0x00007ff802407000 	C:\WINDOWS\system32\USER32.dll
0x00007ff801fb0000 - 0x00007ff802145000 	C:\WINDOWS\system32\ole32.dll
0x00007ff802ab0000 - 0x00007ff803fde000 	C:\WINDOWS\system32\SHELL32.dll
0x00007ff8010a0000 - 0x00007ff8010c1000 	C:\WINDOWS\SYSTEM32\USERENV.dll
0x00007ff804410000 - 0x00007ff8044ba000 	C:\WINDOWS\system32\ADVAPI32.dll
0x00007ffff7510000 - 0x00007ffff752e000 	C:\WINDOWS\SYSTEM32\MPR.dll
0x00007ff802970000 - 0x00007ff802ab0000 	C:\WINDOWS\system32\RPCRT4.dll
0x00007ff802410000 - 0x00007ff802468000 	C:\WINDOWS\SYSTEM32\sechost.dll
0x00007ff8044c0000 - 0x00007ff8046d1000 	C:\WINDOWS\SYSTEM32\combase.dll
0x00007ff8041a0000 - 0x00007ff8042ed000 	C:\WINDOWS\system32\GDI32.dll
0x00007ff801a50000 - 0x00007ff801a65000 	C:\WINDOWS\SYSTEM32\profapi.dll
0x00007ffffff20000 - 0x00007ffffffd2000 	C:\WINDOWS\SYSTEM32\SHCORE.dll
0x00007ff804300000 - 0x00007ff804336000 	C:\WINDOWS\system32\IMM32.DLL
0x00007ff803fe0000 - 0x00007ff804131000 	C:\WINDOWS\system32\MSCTF.dll
0x00007fffff4b0000 - 0x00007fffff72b000 	C:\WINDOWS\WinSxS\amd64_microsoft.windows.common-controls_6595b64144ccf1df_6.0.9600.19394_none_62486577ecb635cf\COMCTL32.dll
0x00007fffddd20000 - 0x00007fffddd35000 	C:\Program Files\Java\jdk1.8.0_261\jre\bin\vcruntime140.dll
0x00007ffff6d60000 - 0x00007ffff6d64000 	C:\WINDOWS\SYSTEM32\api-ms-win-crt-runtime-l1-1-0.dll
0x00007ffff5fe0000 - 0x00007ffff5fe3000 	C:\WINDOWS\SYSTEM32\api-ms-win-crt-heap-l1-1-0.dll
0x00007ffff6030000 - 0x00007ffff6034000 	C:\WINDOWS\SYSTEM32\api-ms-win-crt-string-l1-1-0.dll
0x00007ffff6d50000 - 0x00007ffff6d54000 	C:\WINDOWS\SYSTEM32\api-ms-win-crt-stdio-l1-1-0.dll
0x00007ffff6020000 - 0x00007ffff6024000 	C:\WINDOWS\SYSTEM32\api-ms-win-crt-convert-l1-1-0.dll
0x00007ffff5ea0000 - 0x00007ffff5f94000 	C:\WINDOWS\SYSTEM32\ucrtbase.DLL
0x00007fffcc330000 - 0x00007fffcc3cb000 	C:\Program Files\Java\jdk1.8.0_261\jre\bin\msvcp140.dll
0x00007ffff5fc0000 - 0x00007ffff5fc3000 	C:\WINDOWS\SYSTEM32\api-ms-win-crt-locale-l1-1-0.dll
0x00007ffff6000000 - 0x00007ffff6005000 	C:\WINDOWS\SYSTEM32\api-ms-win-crt-math-l1-1-0.dll
0x00007ffff5fb0000 - 0x00007ffff5fb3000 	C:\WINDOWS\SYSTEM32\api-ms-win-crt-filesystem-l1-1-0.dll
0x00007ffff6040000 - 0x00007ffff6043000 	C:\WINDOWS\SYSTEM32\api-ms-win-crt-time-l1-1-0.dll
0x00007ffff6010000 - 0x00007ffff6013000 	C:\WINDOWS\SYSTEM32\api-ms-win-crt-environment-l1-1-0.dll
0x00007ffff5fd0000 - 0x00007ffff5fd3000 	C:\WINDOWS\SYSTEM32\api-ms-win-crt-utility-l1-1-0.dll
0x000000005fc40000 - 0x00000000604ac000 	C:\Program Files\Java\jdk1.8.0_261\jre\bin\server\jvm.dll
0x00007ffff6f80000 - 0x00007ffff6f89000 	C:\WINDOWS\SYSTEM32\WSOCK32.dll
0x00007ffffc7e0000 - 0x00007ffffc802000 	C:\WINDOWS\SYSTEM32\WINMM.dll
0x00007ffffbd00000 - 0x00007ffffbd0a000 	C:\WINDOWS\SYSTEM32\VERSION.dll
0x00007ff8042f0000 - 0x00007ff8042f7000 	C:\WINDOWS\system32\PSAPI.DLL
0x00007ff8048c0000 - 0x00007ff80491a000 	C:\WINDOWS\system32\WS2_32.dll
0x00007ffffc7b0000 - 0x00007ffffc7da000 	C:\WINDOWS\SYSTEM32\WINMMBASE.dll
0x00007ff802470000 - 0x00007ff802479000 	C:\WINDOWS\system32\NSI.dll
0x00007ff801f60000 - 0x00007ff801faf000 	C:\WINDOWS\SYSTEM32\cfgmgr32.dll
0x00007ff800890000 - 0x00007ff8008b8000 	C:\WINDOWS\SYSTEM32\DEVOBJ.dll
0x00007ffff4380000 - 0x00007ffff4390000 	C:\Program Files\Java\jdk1.8.0_261\jre\bin\verify.dll
0x00007fffdc3f0000 - 0x00007fffdc41b000 	C:\Program Files\Java\jdk1.8.0_261\jre\bin\java.dll
0x00007fffd7180000 - 0x00007fffd71b2000 	C:\Program Files\Java\jdk1.8.0_261\jre\bin\instrument.dll
0x00007fffdc240000 - 0x00007fffdc258000 	C:\Program Files\Java\jdk1.8.0_261\jre\bin\zip.dll
0x00007fffdc220000 - 0x00007fffdc23a000 	C:\Program Files\JetBrains\IntelliJ IDEA Community Edition 2019.2.4\bin\breakgen64.dll
0x00007fffd70c0000 - 0x00007fffd70dc000 	C:\Program Files\Java\jdk1.8.0_261\jre\bin\net.dll
0x00007ff801360000 - 0x00007ff8013b9000 	C:\WINDOWS\system32\mswsock.dll
0x00007ff8013c0000 - 0x00007ff8013e0000 	C:\WINDOWS\SYSTEM32\CRYPTSP.dll
0x00007ff800f90000 - 0x00007ff800fc6000 	C:\WINDOWS\system32\rsaenh.dll
0x00007ff801600000 - 0x00007ff801626000 	C:\WINDOWS\SYSTEM32\bcrypt.dll
0x00007ff801920000 - 0x00007ff801983000 	C:\WINDOWS\system32\bcryptprimitives.dll
0x00007ff801990000 - 0x00007ff80199b000 	C:\WINDOWS\SYSTEM32\CRYPTBASE.dll
0x00007fffffa90000 - 0x00007fffffaba000 	C:\WINDOWS\SYSTEM32\IPHLPAPI.DLL
0x00007fffff4a0000 - 0x00007fffff4aa000 	C:\WINDOWS\SYSTEM32\WINNSI.DLL
0x00007ffffbd10000 - 0x00007ffffbd26000 	C:\WINDOWS\SYSTEM32\dhcpcsvc6.DLL
0x00007ffffc2c0000 - 0x00007ffffc2da000 	C:\WINDOWS\SYSTEM32\dhcpcsvc.DLL
0x00007fffcc8b0000 - 0x00007fffcc8c3000 	C:\Program Files\Java\jdk1.8.0_261\jre\bin\nio.dll
0x00007fffe1110000 - 0x00007fffe111a000 	C:\Users\cexy\AppData\Local\Temp\jansi-1.17.1-1301204968510053754.dll
0x00007fffdb6c0000 - 0x00007fffdb6ca000 	C:\Users\cexy\AppData\Local\Temp\jansi-1.17.1-8687069666921903940.dll
0x00007fffdc3e0000 - 0x00007fffdc3ed000 	C:\Program Files\Java\jdk1.8.0_261\jre\bin\management.dll
0x00007ffff7020000 - 0x00007ffff7035000 	C:\WINDOWS\system32\napinsp.dll
0x00007ffff7000000 - 0x00007ffff701a000 	C:\WINDOWS\system32\pnrpnsp.dll
0x00007ffffec00000 - 0x00007ffffec1b000 	C:\WINDOWS\system32\NLAapi.dll
0x00007ff801160000 - 0x00007ff801204000 	C:\WINDOWS\SYSTEM32\DNSAPI.dll
0x00007ffff81a0000 - 0x00007ffff81ad000 	C:\WINDOWS\System32\winrnr.dll
0x00007ffff6c80000 - 0x00007ffff6c94000 	C:\WINDOWS\system32\wshbth.dll
0x00007ffff6c70000 - 0x00007ffff6c7a000 	C:\Windows\System32\rasadhlp.dll
0x00007ffffc1e0000 - 0x00007ffffc24b000 	C:\WINDOWS\System32\fwpuclnt.dll

VM Arguments:
jvm_args: -Dmaven.multiModuleProjectDirectory=D:\demo_ksiegarnia -Dmaven.home=C:\Program Files\JetBrains\IntelliJ IDEA Community Edition 2019.2.4\plugins\maven\lib\maven3 -Dclassworlds.conf=C:\Program Files\JetBrains\IntelliJ IDEA Community Edition 2019.2.4\plugins\maven\lib\maven3\bin\m2.conf -Dmaven.ext.class.path=C:\Program Files\JetBrains\IntelliJ IDEA Community Edition 2019.2.4\plugins\maven\lib\maven-event-listener.jar -javaagent:C:\Program Files\JetBrains\IntelliJ IDEA Community Edition 2019.2.4\lib\idea_rt.jar=57938:C:\Program Files\JetBrains\IntelliJ IDEA Community Edition 2019.2.4\bin -Dfile.encoding=UTF-8 
java_command: org.codehaus.classworlds.Launcher -Didea.version2019.2.4 install
java_class_path (initial): C:\Program Files\JetBrains\IntelliJ IDEA Community Edition 2019.2.4\plugins\maven\lib\maven3\boot\plexus-classworlds-2.6.0.jar;C:\Program Files\JetBrains\IntelliJ IDEA Community Edition 2019.2.4\lib\idea_rt.jar
Launcher Type: SUN_STANDARD

Environment Variables:
JAVA_HOME=C:\Program Files\Java\jdk-13.0.1
PATH=C:\Program Files (x86)\Common Files\Oracle\Java\javapath;C:\Program Files (x86)\Microsoft SQL Server\150\DTS\Binn\;C:\Program Files\Microsoft SQL Server\Client SDK\ODBC\130\Tools\Binn\;C:\Program Files (x86)\Microsoft SQL Server\140\Tools\Binn\;C:\Program Files\Microsoft SQL Server\140\Tools\Binn\;C:\Program Files\Microsoft SQL Server\140\DTS\Binn\;C:\Program Files\Microsoft VS Code\bin;C:\Program Files\Git\cmd;C:\Program Files\nodejs\;C:\Program Files\MySQL\MySQL Shell 8.0\bin\;C:\Program Files\Maven\apache-maven-3.6.3\bin\;C:\Users\cexy\AppData\Roaming\npm
USERNAME=cexy
OS=Windows_NT
PROCESSOR_IDENTIFIER=Intel64 Family 6 Model 61 Stepping 4, GenuineIntel



---------------  S Y S T E M  ---------------

OS: Windows 8.1 , 64 bit Build 9600 (6.3.9600.19719)

CPU:total 4 (initial active 4) (2 cores per cpu, 2 threads per core) family 6 model 61 stepping 4, cmov, cx8, fxsr, mmx, sse, sse2, sse3, ssse3, sse4.1, sse4.2, popcnt, avx, avx2, aes, clmul, erms, 3dnowpref, lzcnt, ht, tsc, tscinvbit, bmi1, bmi2, adx

Memory: 4k page, physical 8303640k(115196k free), swap 11449368k(5076k free)

vm_info: Java HotSpot(TM) 64-Bit Server VM (25.261-b12) for windows-amd64 JRE (1.8.0_261-b12), built on Jun 18 2020 06:56:32 by "" with unknown MS VC++:1916

time: Fri Sep 25 00:14:50 2020
timezone: Central European Standard Time
elapsed time: 36 seconds (0d 0h 0m 36s)

