#
# There is insufficient memory for the Java Runtime Environment to continue.
# Native memory allocation (malloc) failed to allocate 157040 bytes for Chunk::new
# Possible reasons:
#   The system is out of physical RAM or swap space
#   The process is running with CompressedOops enabled, and the Java Heap may be blocking the growth of the native heap
# Possible solutions:

#   Reduce memory load on the system
#   Increase physical memory or swap space
#   Check if swap backing store is full
#   Decrease Java heap size (-Xmx/-Xms)
#   Decrease number of Java threads
#   Decrease Java thread stack sizes (-Xss)
#   Set larger code cache with -XX:ReservedCodeCacheSize=
#   JVM is running with Unscaled Compressed Oops mode in which the Java heap is
#     placed in the first 4GB address space. The Java Heap base address is the
#     maximum limit for the native heap growth. Please use -XX:HeapBaseMinAddress
#     to set the Java Heap base and to place the Java Heap above 4GB virtual address.
# This output file may be truncated or incomplete.
#
#  Out of Memory Error (allocation.cpp:389), pid=5316, tid=0x0000000000002858
#
# JRE version: Java(TM) SE Runtime Environment (8.0_261-b12) (build 1.8.0_261-b12)
# Java VM: Java HotSpot(TM) 64-Bit Server VM (25.261-b12 mixed mode windows-amd64 compressed oops)
# Failed to write core dump. Minidumps are not enabled by default on client versions of Windows
#

---------------  T H R E A D  ---------------

Current thread (0x0000005a2828e000):  JavaThread "C2 CompilerThread0" daemon [_thread_in_native, id=10328, stack(0x0000005a29400000,0x0000005a29500000)]

Stack: [0x0000005a29400000,0x0000005a29500000]
Native frames: (J=compiled Java code, j=interpreted, Vv=VM code, C=native code)
V  [jvm.dll+0x33e5f9]


Current CompileTask:
C2:  39178 3950 % !   4       java.io.BufferedReader::readLine @ 131 (304 bytes)


---------------  P R O C E S S  ---------------

Java Threads: ( => current thread )
  0x0000005a2a2f3800 JavaThread "Thread-5" [_thread_in_native, id=10884, stack(0x0000005a2ec90000,0x0000005a2ed90000)]
  0x0000005a2a2f5800 JavaThread "Thread-4" [_thread_in_native, id=904, stack(0x0000005a2eb90000,0x0000005a2ec90000)]
  0x0000005a2a2f2000 JavaThread "Thread-3" [_thread_blocked, id=11036, stack(0x0000005a2ea90000,0x0000005a2eb90000)]
  0x0000005a2a2f2800 JavaThread "ThreadedStreamConsumer" daemon [_thread_blocked, id=4860, stack(0x0000005a2e990000,0x0000005a2ea90000)]
  0x0000005a2a0a2000 JavaThread "ping-timer-10s" daemon [_thread_blocked, id=9892, stack(0x0000005a2e890000,0x0000005a2e990000)]
  0x0000005a2a934000 JavaThread "timeout-check-timer" daemon [_thread_blocked, id=8456, stack(0x0000005a2e790000,0x0000005a2e890000)]
  0x0000005a2c33d000 JavaThread "resolver-5" daemon [_thread_blocked, id=3736, stack(0x0000005a2e690000,0x0000005a2e790000)]
  0x0000005a298df000 JavaThread "resolver-4" daemon [_thread_blocked, id=11352, stack(0x0000005a2e590000,0x0000005a2e690000)]
  0x0000005a2b4fe000 JavaThread "resolver-3" daemon [_thread_blocked, id=11228, stack(0x0000005a2e490000,0x0000005a2e590000)]
  0x0000005a2a97b000 JavaThread "resolver-2" daemon [_thread_blocked, id=7512, stack(0x0000005a2d190000,0x0000005a2d290000)]
  0x0000005a2d3d2800 JavaThread "resolver-1" daemon [_thread_blocked, id=9404, stack(0x0000005a2d090000,0x0000005a2d190000)]
  0x0000005a28321000 JavaThread "Service Thread" daemon [_thread_blocked, id=11792, stack(0x0000005a29700000,0x0000005a29800000)]
  0x0000005a282fe000 JavaThread "C1 CompilerThread2" daemon [_thread_blocked, id=10500, stack(0x0000005a29600000,0x0000005a29700000)]
  0x0000005a2829b000 JavaThread "C2 CompilerThread1" daemon [_thread_blocked, id=5460, stack(0x0000005a29500000,0x0000005a29600000)]
=>0x0000005a2828e000 JavaThread "C2 CompilerThread0" daemon [_thread_in_native, id=10328, stack(0x0000005a29400000,0x0000005a29500000)]
  0x0000005a2828b800 JavaThread "Monitor Ctrl-Break" daemon [_thread_in_native, id=10776, stack(0x0000005a29300000,0x0000005a29400000)]
  0x0000005a2821e800 JavaThread "Attach Listener" daemon [_thread_blocked, id=1196, stack(0x0000005a291f0000,0x0000005a292f0000)]
  0x0000005a2821d800 JavaThread "Signal Dispatcher" daemon [_thread_blocked, id=6848, stack(0x0000005a290f0000,0x0000005a291f0000)]
  0x0000005a281fd000 JavaThread "Finalizer" daemon [_thread_blocked, id=292, stack(0x0000005a28ee0000,0x0000005a28fe0000)]
  0x0000005a281f6000 JavaThread "Reference Handler" daemon [_thread_blocked, id=12124, stack(0x0000005a28de0000,0x0000005a28ee0000)]
  0x0000005a115cb800 JavaThread "main" [_thread_in_native, id=9924, stack(0x0000005a12ea0000,0x0000005a12fa0000)]

Other Threads:
  0x0000005a281d4800 VMThread [stack: 0x0000005a28ce0000,0x0000005a28de0000] [id=6852]
  0x0000005a29819000 WatcherThread [stack: 0x0000005a29c00000,0x0000005a29d00000] [id=11832]

VM state:not at safepoint (normal execution)

VM Mutex/Monitor currently owned by a thread: None

heap address: 0x0000000081400000, size: 2028 MB, Compressed Oops mode: 32-bit
Narrow klass base: 0x0000000000000000, Narrow klass shift: 3
Compressed class space size: 1073741824 Address: 0x0000000100000000

Heap:
 PSYoungGen      total 144384K, used 116086K [0x00000000d5c00000, 0x00000000df600000, 0x0000000100000000)
  eden space 132608K, 80% used [0x00000000d5c00000,0x00000000dc4297d0,0x00000000ddd80000)
  from space 11776K, 80% used [0x00000000de980000,0x00000000df2b4030,0x00000000df500000)
  to   space 12288K, 0% used [0x00000000ddd80000,0x00000000ddd80000,0x00000000de980000)
 ParOldGen       total 87552K, used 11937K [0x0000000081400000, 0x0000000086980000, 0x00000000d5c00000)
  object space 87552K, 13% used [0x0000000081400000,0x0000000081fa86d8,0x0000000086980000)
 Metaspace       used 20020K, capacity 20572K, committed 20608K, reserved 1067008K
  class space    used 2273K, capacity 2428K, committed 2432K, reserved 1048576K

Card table byte_map: [0x0000005a22390000,0x0000005a22790000] byte_map_base: 0x0000005a21f86000

Marking Bits: (ParMarkBitMap*) 0x0000000060434fb0
 Begin Bits: [0x0000005a22e40000, 0x0000005a24df0000)
 End Bits:   [0x0000005a24df0000, 0x0000005a26da0000)

Polling page: 0x0000005a12fa0000

CodeCache: size=245760Kb used=11840Kb max_used=12637Kb free=233919Kb
 bounds [0x0000005a12fd0000, 0x0000005a13c70000, 0x0000005a21fd0000]
 total_blobs=3803 nmethods=3390 adapters=324
 compilation: enabled

Compilation events (10 events):
Event: 38.811 Thread 0x0000005a282fe000 nmethod 3947 0x0000005a1375f8d0 code [0x0000005a1375fa20, 0x0000005a1375fbd8]
Event: 38.811 Thread 0x0000005a282fe000 3948       3       java.util.concurrent.ConcurrentLinkedQueue::iterator (9 bytes)
Event: 38.811 Thread 0x0000005a282fe000 nmethod 3948 0x0000005a1385e790 code [0x0000005a1385e900, 0x0000005a1385ebd0]
Event: 39.023 Thread 0x0000005a282fe000 3949       3       java.util.concurrent.ConcurrentLinkedQueue::first (65 bytes)
Event: 39.024 Thread 0x0000005a282fe000 nmethod 3949 0x0000005a133c9a10 code [0x0000005a133c9ba0, 0x0000005a133ca1b8]
Event: 39.107 Thread 0x0000005a2828e000 3950 % !   4       java.io.BufferedReader::readLine @ 131 (304 bytes)
Event: 39.147 Thread 0x0000005a282fe000 3951       3       org.apache.maven.plugin.surefire.booterclient.ForkStarter$8::run (54 bytes)
Event: 39.148 Thread 0x0000005a282fe000 nmethod 3951 0x0000005a13391850 code [0x0000005a13391a00, 0x0000005a13392060]
Event: 39.148 Thread 0x0000005a282fe000 3952       3       java.util.concurrent.ConcurrentLinkedQueue$Itr::next (20 bytes)
Event: 39.148 Thread 0x0000005a282fe000 nmethod 3952 0x0000005a139ce990 code [0x0000005a139ceb00, 0x0000005a139ced80]

GC Heap History (10 events):
Event: 5.413 GC heap before
{Heap before GC invocations=2 (full 0):
 PSYoungGen      total 38400K, used 38316K [0x00000000d5c00000, 0x00000000d8680000, 0x0000000100000000)
  eden space 33280K, 100% used [0x00000000d5c00000,0x00000000d7c80000,0x00000000d7c80000)
  from space 5120K, 98% used [0x00000000d7c80000,0x00000000d816b048,0x00000000d8180000)
  to   space 5120K, 0% used [0x00000000d8180000,0x00000000d8180000,0x00000000d8680000)
 ParOldGen       total 87552K, used 8K [0x0000000081400000, 0x0000000086980000, 0x00000000d5c00000)
  object space 87552K, 0% used [0x0000000081400000,0x0000000081402000,0x0000000086980000)
 Metaspace       used 11305K, capacity 11404K, committed 11776K, reserved 1058816K
  class space    used 1367K, capacity 1413K, committed 1536K, reserved 1048576K
Event: 5.436 GC heap after
Heap after GC invocations=2 (full 0):
 PSYoungGen      total 38400K, used 5099K [0x00000000d5c00000, 0x00000000da700000, 0x0000000100000000)
  eden space 33280K, 0% used [0x00000000d5c00000,0x00000000d5c00000,0x00000000d7c80000)
  from space 5120K, 99% used [0x00000000d8180000,0x00000000d867af18,0x00000000d8680000)
  to   space 5120K, 0% used [0x00000000d7c80000,0x00000000d7c80000,0x00000000d8180000)
 ParOldGen       total 87552K, used 783K [0x0000000081400000, 0x0000000086980000, 0x00000000d5c00000)
  object space 87552K, 0% used [0x0000000081400000,0x00000000814c3eb0,0x0000000086980000)
 Metaspace       used 11305K, capacity 11404K, committed 11776K, reserved 1058816K
  class space    used 1367K, capacity 1413K, committed 1536K, reserved 1048576K
}
Event: 6.904 GC heap before
{Heap before GC invocations=3 (full 0):
 PSYoungGen      total 38400K, used 38379K [0x00000000d5c00000, 0x00000000da700000, 0x0000000100000000)
  eden space 33280K, 100% used [0x00000000d5c00000,0x00000000d7c80000,0x00000000d7c80000)
  from space 5120K, 99% used [0x00000000d8180000,0x00000000d867af18,0x00000000d8680000)
  to   space 5120K, 0% used [0x00000000d7c80000,0x00000000d7c80000,0x00000000d8180000)
 ParOldGen       total 87552K, used 783K [0x0000000081400000, 0x0000000086980000, 0x00000000d5c00000)
  object space 87552K, 0% used [0x0000000081400000,0x00000000814c3eb0,0x0000000086980000)
 Metaspace       used 14648K, capacity 14852K, committed 14976K, reserved 1062912K
  class space    used 1805K, capacity 1909K, committed 1920K, reserved 1048576K
Event: 6.924 GC heap after
Heap after GC invocations=3 (full 0):
 PSYoungGen      total 38400K, used 5104K [0x00000000d5c00000, 0x00000000da700000, 0x0000000100000000)
  eden space 33280K, 0% used [0x00000000d5c00000,0x00000000d5c00000,0x00000000d7c80000)
  from space 5120K, 99% used [0x00000000d7c80000,0x00000000d817c018,0x00000000d8180000)
  to   space 5120K, 0% used [0x00000000da200000,0x00000000da200000,0x00000000da700000)
 ParOldGen       total 87552K, used 2532K [0x0000000081400000, 0x0000000086980000, 0x00000000d5c00000)
  object space 87552K, 2% used [0x0000000081400000,0x0000000081679208,0x0000000086980000)
 Metaspace       used 14648K, capacity 14852K, committed 14976K, reserved 1062912K
  class space    used 1805K, capacity 1909K, committed 1920K, reserved 1048576K
}
Event: 8.275 GC heap before
{Heap before GC invocations=4 (full 0):
 PSYoungGen      total 38400K, used 38384K [0x00000000d5c00000, 0x00000000da700000, 0x0000000100000000)
  eden space 33280K, 100% used [0x00000000d5c00000,0x00000000d7c80000,0x00000000d7c80000)
  from space 5120K, 99% used [0x00000000d7c80000,0x00000000d817c018,0x00000000d8180000)
  to   space 5120K, 0% used [0x00000000da200000,0x00000000da200000,0x00000000da700000)
 ParOldGen       total 87552K, used 2532K [0x0000000081400000, 0x0000000086980000, 0x00000000d5c00000)
  object space 87552K, 2% used [0x0000000081400000,0x0000000081679208,0x0000000086980000)
 Metaspace       used 15636K, capacity 15944K, committed 16128K, reserved 1062912K
  class space    used 1894K, capacity 2011K, committed 2048K, reserved 1048576K
Event: 8.299 GC heap after
Heap after GC invocations=4 (full 0):
 PSYoungGen      total 71680K, used 5104K [0x00000000d5c00000, 0x00000000da700000, 0x0000000100000000)
  eden space 66560K, 0% used [0x00000000d5c00000,0x00000000d5c00000,0x00000000d9d00000)
  from space 5120K, 99% used [0x00000000da200000,0x00000000da6fc010,0x00000000da700000)
  to   space 5120K, 0% used [0x00000000d9d00000,0x00000000d9d00000,0x00000000da200000)
 ParOldGen       total 87552K, used 6285K [0x0000000081400000, 0x0000000086980000, 0x00000000d5c00000)
  object space 87552K, 7% used [0x0000000081400000,0x0000000081a23608,0x0000000086980000)
 Metaspace       used 15636K, capacity 15944K, committed 16128K, reserved 1062912K
  class space    used 1894K, capacity 2011K, committed 2048K, reserved 1048576K
}
Event: 9.741 GC heap before
{Heap before GC invocations=5 (full 0):
 PSYoungGen      total 71680K, used 71664K [0x00000000d5c00000, 0x00000000da700000, 0x0000000100000000)
  eden space 66560K, 100% used [0x00000000d5c00000,0x00000000d9d00000,0x00000000d9d00000)
  from space 5120K, 99% used [0x00000000da200000,0x00000000da6fc010,0x00000000da700000)
  to   space 5120K, 0% used [0x00000000d9d00000,0x00000000d9d00000,0x00000000da200000)
 ParOldGen       total 87552K, used 6285K [0x0000000081400000, 0x0000000086980000, 0x00000000d5c00000)
  object space 87552K, 7% used [0x0000000081400000,0x0000000081a23608,0x0000000086980000)
 Metaspace       used 16117K, capacity 16382K, committed 16640K, reserved 1064960K
  class space    used 1922K, capacity 2020K, committed 2048K, reserved 1048576K
Event: 9.768 GC heap after
Heap after GC invocations=5 (full 0):
 PSYoungGen      total 71680K, used 5104K [0x00000000d5c00000, 0x00000000df500000, 0x0000000100000000)
  eden space 66560K, 0% used [0x00000000d5c00000,0x00000000d5c00000,0x00000000d9d00000)
  from space 5120K, 99% used [0x00000000d9d00000,0x00000000da1fc010,0x00000000da200000)
  to   space 11776K, 0% used [0x00000000de980000,0x00000000de980000,0x00000000df500000)
 ParOldGen       total 87552K, used 11937K [0x0000000081400000, 0x0000000086980000, 0x00000000d5c00000)
  object space 87552K, 13% used [0x0000000081400000,0x0000000081fa86d8,0x0000000086980000)
 Metaspace       used 16117K, capacity 16382K, committed 16640K, reserved 1064960K
  class space    used 1922K, capacity 2020K, committed 2048K, reserved 1048576K
}
Event: 11.170 GC heap before
{Heap before GC invocations=6 (full 0):
 PSYoungGen      total 71680K, used 71664K [0x00000000d5c00000, 0x00000000df500000, 0x0000000100000000)
  eden space 66560K, 100% used [0x00000000d5c00000,0x00000000d9d00000,0x00000000d9d00000)
  from space 5120K, 99% used [0x00000000d9d00000,0x00000000da1fc010,0x00000000da200000)
  to   space 11776K, 0% used [0x00000000de980000,0x00000000de980000,0x00000000df500000)
 ParOldGen       total 87552K, used 11937K [0x0000000081400000, 0x0000000086980000, 0x00000000d5c00000)
  object space 87552K, 13% used [0x0000000081400000,0x0000000081fa86d8,0x0000000086980000)
 Metaspace       used 16576K, capacity 16942K, committed 17280K, reserved 1064960K
  class space    used 1940K, capacity 2054K, committed 2176K, reserved 1048576K
Event: 11.197 GC heap after
Heap after GC invocations=6 (full 0):
 PSYoungGen      total 144384K, used 9424K [0x00000000d5c00000, 0x00000000df600000, 0x0000000100000000)
  eden space 132608K, 0% used [0x00000000d5c00000,0x00000000d5c00000,0x00000000ddd80000)
  from space 11776K, 80% used [0x00000000de980000,0x00000000df2b4030,0x00000000df500000)
  to   space 12288K, 0% used [0x00000000ddd80000,0x00000000ddd80000,0x00000000de980000)
 ParOldGen       total 87552K, used 11937K [0x0000000081400000, 0x0000000086980000, 0x00000000d5c00000)
  object space 87552K, 13% used [0x0000000081400000,0x0000000081fa86d8,0x0000000086980000)
 Metaspace       used 16576K, capacity 16942K, committed 17280K, reserved 1064960K
  class space    used 1940K, capacity 2054K, committed 2176K, reserved 1048576K
}

Deoptimization events (10 events):
Event: 13.694 Thread 0x0000005a115cb800 Uncommon trap: reason=class_check action=maybe_recompile pc=0x0000005a130e8680 method=java.util.Collections$UnmodifiableMap$UnmodifiableEntrySet$1.<init>(Ljava/util/Collections$UnmodifiableMap$UnmodifiableEntrySet;)V @ 17
Event: 13.694 Thread 0x0000005a115cb800 Uncommon trap: reason=class_check action=maybe_recompile pc=0x0000005a1374dd94 method=java.util.Collections$UnmodifiableMap$UnmodifiableEntrySet$UnmodifiableEntry.<init>(Ljava/util/Map$Entry;)V @ 9
Event: 13.694 Thread 0x0000005a115cb800 Uncommon trap: reason=class_check action=maybe_recompile pc=0x0000005a13761100 method=java.util.Collections$UnmodifiableMap$UnmodifiableEntrySet$UnmodifiableEntry.getKey()Ljava/lang/Object; @ 4
Event: 13.694 Thread 0x0000005a115cb800 Uncommon trap: reason=class_check action=maybe_recompile pc=0x0000005a1374dd94 method=java.util.Collections$UnmodifiableMap$UnmodifiableEntrySet$UnmodifiableEntry.<init>(Ljava/util/Map$Entry;)V @ 9
Event: 13.694 Thread 0x0000005a115cb800 Uncommon trap: reason=class_check action=maybe_recompile pc=0x0000005a13761100 method=java.util.Collections$UnmodifiableMap$UnmodifiableEntrySet$UnmodifiableEntry.getKey()Ljava/lang/Object; @ 4
Event: 13.694 Thread 0x0000005a115cb800 Uncommon trap: reason=class_check action=maybe_recompile pc=0x0000005a1374dd94 method=java.util.Collections$UnmodifiableMap$UnmodifiableEntrySet$UnmodifiableEntry.<init>(Ljava/util/Map$Entry;)V @ 9
Event: 13.694 Thread 0x0000005a115cb800 Uncommon trap: reason=class_check action=maybe_recompile pc=0x0000005a13761100 method=java.util.Collections$UnmodifiableMap$UnmodifiableEntrySet$UnmodifiableEntry.getKey()Ljava/lang/Object; @ 4
Event: 13.694 Thread 0x0000005a115cb800 Uncommon trap: reason=class_check action=maybe_recompile pc=0x0000005a1374dd94 method=java.util.Collections$UnmodifiableMap$UnmodifiableEntrySet$UnmodifiableEntry.<init>(Ljava/util/Map$Entry;)V @ 9
Event: 13.694 Thread 0x0000005a115cb800 Uncommon trap: reason=class_check action=maybe_recompile pc=0x0000005a13761100 method=java.util.Collections$UnmodifiableMap$UnmodifiableEntrySet$UnmodifiableEntry.getKey()Ljava/lang/Object; @ 4
Event: 14.733 Thread 0x0000005a2a2f5800 Uncommon trap: reason=unstable_if action=reinterpret pc=0x0000005a13c03bcc method=java.io.BufferedReader.readLine(Z)Ljava/lang/String; @ 265

Classes redefined (0 events):
No events

Internal exceptions (10 events):
Event: 6.326 Thread 0x0000005a115cb800 Exception <a 'java/lang/NoClassDefFoundError': com/google/inject/servlet/ServletModuleTargetVisitor> (0x00000000d72b5ce0) thrown at [C:\jenkins\workspace\8-2-build-windows-amd64-cygwin\jdk8u261\295\hotspot\src\share\vm\classfile\systemDictionary.cpp, line
Event: 6.326 Thread 0x0000005a115cb800 Exception <a 'java/lang/NoClassDefFoundError'> (0x00000000d72b5ce0) thrown at [C:\jenkins\workspace\8-2-build-windows-amd64-cygwin\jdk8u261\295\hotspot\src\share\vm\prims\jvm.cpp, line 1516]
Event: 6.326 Thread 0x0000005a115cb800 Exception <a 'java/lang/NoClassDefFoundError': javax/annotation/Priority> (0x00000000d72bb198) thrown at [C:\jenkins\workspace\8-2-build-windows-amd64-cygwin\jdk8u261\295\hotspot\src\share\vm\classfile\systemDictionary.cpp, line 199]
Event: 6.561 Thread 0x0000005a115cb800 Implicit null exception at 0x0000005a13193918 to 0x0000005a13193ad1
Event: 6.901 Thread 0x0000005a115cb800 Implicit null exception at 0x0000005a13223ed6 to 0x0000005a13224279
Event: 6.902 Thread 0x0000005a115cb800 Implicit null exception at 0x0000005a131d2416 to 0x0000005a131d27b1
Event: 8.576 Thread 0x0000005a115cb800 Implicit null exception at 0x0000005a136fac37 to 0x0000005a136fae81
Event: 8.759 Thread 0x0000005a115cb800 Implicit null exception at 0x0000005a133c6e15 to 0x0000005a133c6fed
Event: 9.987 Thread 0x0000005a115cb800 Implicit null exception at 0x0000005a13942d61 to 0x0000005a139446ed
Event: 12.738 Thread 0x0000005a115cb800 Exception <a 'java/lang/NoSuchMethodError': org.apache.maven.execution.MavenExecutionRequest.getFailureBehavior()Ljava/lang/String;> (0x00000000d93f6c38) thrown at [C:\jenkins\workspace\8-2-build-windows-amd64-cygwin\jdk8u261\295\hotspot\src\share\vm\inte

Events (10 events):
Event: 14.922 loading class org/apache/maven/surefire/shade/org/apache/maven/shared/utils/logging/Style
Event: 14.922 loading class org/apache/maven/surefire/shade/org/apache/maven/shared/utils/logging/Style done
Event: 14.922 loading class org/apache/maven/surefire/shade/org/apache/maven/shared/utils/logging/Style
Event: 14.922 loading class org/apache/maven/surefire/shade/org/apache/maven/shared/utils/logging/Style done
Event: 14.924 loading class org/fusesource/jansi/Ansi$Color
Event: 14.924 loading class org/fusesource/jansi/Ansi$Color done
Event: 14.924 loading class org/fusesource/jansi/Ansi$Color
Event: 14.924 loading class org/fusesource/jansi/Ansi$Color done
Event: 14.924 loading class org/fusesource/jansi/Ansi$Color
Event: 14.924 loading class org/fusesource/jansi/Ansi$Color done


Dynamic libraries:
0x00007ff6f2050000 - 0x00007ff6f2097000 	C:\Program Files\Java\jdk1.8.0_261\bin\java.exe
0x00007ff804930000 - 0x00007ff804add000 	C:\WINDOWS\SYSTEM32\ntdll.dll
0x00007ff802150000 - 0x00007ff80228f000 	C:\WINDOWS\system32\KERNEL32.DLL
0x00007ff801d60000 - 0x00007ff801e75000 	C:\WINDOWS\system32\KERNELBASE.dll
0x00007ff800620000 - 0x00007ff8006ae000 	C:\WINDOWS\system32\apphelp.dll
0x00007fffd70e0000 - 0x00007fffd7135000 	C:\WINDOWS\AppPatch\AppPatch64\AcGenral.DLL
0x00007ff8026b0000 - 0x00007ff80275a000 	C:\WINDOWS\system32\msvcrt.dll
0x00007ff801f30000 - 0x00007ff801f5e000 	C:\WINDOWS\system32\SspiCli.dll
0x00007ff802760000 - 0x00007ff8027b4000 	C:\WINDOWS\system32\SHLWAPI.dll
0x00007ff802290000 - 0x00007ff802407000 	C:\WINDOWS\system32\USER32.dll
0x00007ff801fb0000 - 0x00007ff802145000 	C:\WINDOWS\system32\ole32.dll
0x00007ff802ab0000 - 0x00007ff803fde000 	C:\WINDOWS\system32\SHELL32.dll
0x00007ff8010a0000 - 0x00007ff8010c1000 	C:\WINDOWS\SYSTEM32\USERENV.dll
0x00007ff804410000 - 0x00007ff8044ba000 	C:\WINDOWS\system32\ADVAPI32.dll
0x00007ffff7510000 - 0x00007ffff752e000 	C:\WINDOWS\SYSTEM32\MPR.dll
0x00007ff802970000 - 0x00007ff802ab0000 	C:\WINDOWS\system32\RPCRT4.dll
0x00007ff802410000 - 0x00007ff802468000 	C:\WINDOWS\SYSTEM32\sechost.dll
0x00007ff8044c0000 - 0x00007ff8046d1000 	C:\WINDOWS\SYSTEM32\combase.dll
0x00007ff8041a0000 - 0x00007ff8042ed000 	C:\WINDOWS\system32\GDI32.dll
0x00007ff801a50000 - 0x00007ff801a65000 	C:\WINDOWS\SYSTEM32\profapi.dll
0x00007ffffff20000 - 0x00007ffffffd2000 	C:\WINDOWS\SYSTEM32\SHCORE.dll
0x00007ff804300000 - 0x00007ff804336000 	C:\WINDOWS\system32\IMM32.DLL
0x00007ff803fe0000 - 0x00007ff804131000 	C:\WINDOWS\system32\MSCTF.dll
0x00007fffff4b0000 - 0x00007fffff72b000 	C:\WINDOWS\WinSxS\amd64_microsoft.windows.common-controls_6595b64144ccf1df_6.0.9600.19394_none_62486577ecb635cf\COMCTL32.dll
0x00007fffdc400000 - 0x00007fffdc415000 	C:\Program Files\Java\jdk1.8.0_261\jre\bin\vcruntime140.dll
0x00007ffff6d60000 - 0x00007ffff6d64000 	C:\WINDOWS\SYSTEM32\api-ms-win-crt-runtime-l1-1-0.dll
0x00007ffff5fe0000 - 0x00007ffff5fe3000 	C:\WINDOWS\SYSTEM32\api-ms-win-crt-heap-l1-1-0.dll
0x00007ffff6030000 - 0x00007ffff6034000 	C:\WINDOWS\SYSTEM32\api-ms-win-crt-string-l1-1-0.dll
0x00007ffff6d50000 - 0x00007ffff6d54000 	C:\WINDOWS\SYSTEM32\api-ms-win-crt-stdio-l1-1-0.dll
0x00007ffff6020000 - 0x00007ffff6024000 	C:\WINDOWS\SYSTEM32\api-ms-win-crt-convert-l1-1-0.dll
0x00007ffff5ea0000 - 0x00007ffff5f94000 	C:\WINDOWS\SYSTEM32\ucrtbase.DLL
0x00007fffcc330000 - 0x00007fffcc3cb000 	C:\Program Files\Java\jdk1.8.0_261\jre\bin\msvcp140.dll
0x00007ffff5fc0000 - 0x00007ffff5fc3000 	C:\WINDOWS\SYSTEM32\api-ms-win-crt-locale-l1-1-0.dll
0x00007ffff6000000 - 0x00007ffff6005000 	C:\WINDOWS\SYSTEM32\api-ms-win-crt-math-l1-1-0.dll
0x00007ffff5fb0000 - 0x00007ffff5fb3000 	C:\WINDOWS\SYSTEM32\api-ms-win-crt-filesystem-l1-1-0.dll
0x00007ffff6040000 - 0x00007ffff6043000 	C:\WINDOWS\SYSTEM32\api-ms-win-crt-time-l1-1-0.dll
0x00007ffff6010000 - 0x00007ffff6013000 	C:\WINDOWS\SYSTEM32\api-ms-win-crt-environment-l1-1-0.dll
0x00007ffff5fd0000 - 0x00007ffff5fd3000 	C:\WINDOWS\SYSTEM32\api-ms-win-crt-utility-l1-1-0.dll
0x000000005fc40000 - 0x00000000604ac000 	C:\Program Files\Java\jdk1.8.0_261\jre\bin\server\jvm.dll
0x00007ffff6f80000 - 0x00007ffff6f89000 	C:\WINDOWS\SYSTEM32\WSOCK32.dll
0x00007ffffc7e0000 - 0x00007ffffc802000 	C:\WINDOWS\SYSTEM32\WINMM.dll
0x00007ffffbd00000 - 0x00007ffffbd0a000 	C:\WINDOWS\SYSTEM32\VERSION.dll
0x00007ff8042f0000 - 0x00007ff8042f7000 	C:\WINDOWS\system32\PSAPI.DLL
0x00007ff8048c0000 - 0x00007ff80491a000 	C:\WINDOWS\system32\WS2_32.dll
0x00007ffffc7b0000 - 0x00007ffffc7da000 	C:\WINDOWS\SYSTEM32\WINMMBASE.dll
0x00007ff802470000 - 0x00007ff802479000 	C:\WINDOWS\system32\NSI.dll
0x00007ff801f60000 - 0x00007ff801faf000 	C:\WINDOWS\SYSTEM32\cfgmgr32.dll
0x00007ff800890000 - 0x00007ff8008b8000 	C:\WINDOWS\SYSTEM32\DEVOBJ.dll
0x00007ffff4380000 - 0x00007ffff4390000 	C:\Program Files\Java\jdk1.8.0_261\jre\bin\verify.dll
0x00007fffdc220000 - 0x00007fffdc24b000 	C:\Program Files\Java\jdk1.8.0_261\jre\bin\java.dll
0x00007fffdb0f0000 - 0x00007fffdb122000 	C:\Program Files\Java\jdk1.8.0_261\jre\bin\instrument.dll
0x00007fffdc3e0000 - 0x00007fffdc3f8000 	C:\Program Files\Java\jdk1.8.0_261\jre\bin\zip.dll
0x00007fffd7180000 - 0x00007fffd719a000 	C:\Program Files\JetBrains\IntelliJ IDEA Community Edition 2019.2.4\bin\breakgen64.dll
0x00007fffd70c0000 - 0x00007fffd70dc000 	C:\Program Files\Java\jdk1.8.0_261\jre\bin\net.dll
0x00007ff801360000 - 0x00007ff8013b9000 	C:\WINDOWS\system32\mswsock.dll
0x00007ff8013c0000 - 0x00007ff8013e0000 	C:\WINDOWS\SYSTEM32\CRYPTSP.dll
0x00007ff800f90000 - 0x00007ff800fc6000 	C:\WINDOWS\system32\rsaenh.dll
0x00007ff801600000 - 0x00007ff801626000 	C:\WINDOWS\SYSTEM32\bcrypt.dll
0x00007ff801920000 - 0x00007ff801983000 	C:\WINDOWS\system32\bcryptprimitives.dll
0x00007ff801990000 - 0x00007ff80199b000 	C:\WINDOWS\SYSTEM32\CRYPTBASE.dll
0x00007fffffa90000 - 0x00007fffffaba000 	C:\WINDOWS\SYSTEM32\IPHLPAPI.DLL
0x00007fffff4a0000 - 0x00007fffff4aa000 	C:\WINDOWS\SYSTEM32\WINNSI.DLL
0x00007ffffbd10000 - 0x00007ffffbd26000 	C:\WINDOWS\SYSTEM32\dhcpcsvc6.DLL
0x00007ffffc2c0000 - 0x00007ffffc2da000 	C:\WINDOWS\SYSTEM32\dhcpcsvc.DLL
0x00007fffd70a0000 - 0x00007fffd70b3000 	C:\Program Files\Java\jdk1.8.0_261\jre\bin\nio.dll
0x00007fffde440000 - 0x00007fffde44a000 	C:\Users\cexy\AppData\Local\Temp\jansi-1.17.1-2077230650342144237.dll
0x00007fffdde50000 - 0x00007fffdde5a000 	C:\Users\cexy\AppData\Local\Temp\jansi-1.17.1-6210430221050705033.dll
0x00007fffe1110000 - 0x00007fffe111d000 	C:\Program Files\Java\jdk1.8.0_261\jre\bin\management.dll
0x00007ffff7020000 - 0x00007ffff7035000 	C:\WINDOWS\system32\napinsp.dll
0x00007ffff7000000 - 0x00007ffff701a000 	C:\WINDOWS\system32\pnrpnsp.dll
0x00007ffffec00000 - 0x00007ffffec1b000 	C:\WINDOWS\system32\NLAapi.dll
0x00007ff801160000 - 0x00007ff801204000 	C:\WINDOWS\SYSTEM32\DNSAPI.dll
0x00007ffff81a0000 - 0x00007ffff81ad000 	C:\WINDOWS\System32\winrnr.dll
0x00007ffff6c80000 - 0x00007ffff6c94000 	C:\WINDOWS\system32\wshbth.dll
0x00007ffff6c70000 - 0x00007ffff6c7a000 	C:\Windows\System32\rasadhlp.dll
0x00007ffffc1e0000 - 0x00007ffffc24b000 	C:\WINDOWS\System32\fwpuclnt.dll

VM Arguments:
jvm_args: -Dmaven.multiModuleProjectDirectory=D:\demo_ksiegarnia -Dmaven.home=C:\Program Files\JetBrains\IntelliJ IDEA Community Edition 2019.2.4\plugins\maven\lib\maven3 -Dclassworlds.conf=C:\Program Files\JetBrains\IntelliJ IDEA Community Edition 2019.2.4\plugins\maven\lib\maven3\bin\m2.conf -Dmaven.ext.class.path=C:\Program Files\JetBrains\IntelliJ IDEA Community Edition 2019.2.4\plugins\maven\lib\maven-event-listener.jar -javaagent:C:\Program Files\JetBrains\IntelliJ IDEA Community Edition 2019.2.4\lib\idea_rt.jar=56702:C:\Program Files\JetBrains\IntelliJ IDEA Community Edition 2019.2.4\bin -Dfile.encoding=UTF-8 
java_command: org.codehaus.classworlds.Launcher -Didea.version2019.2.4 install
java_class_path (initial): C:\Program Files\JetBrains\IntelliJ IDEA Community Edition 2019.2.4\plugins\maven\lib\maven3\boot\plexus-classworlds-2.6.0.jar;C:\Program Files\JetBrains\IntelliJ IDEA Community Edition 2019.2.4\lib\idea_rt.jar
Launcher Type: SUN_STANDARD

Environment Variables:
JAVA_HOME=C:\Program Files\Java\jdk-13.0.1
PATH=C:\Program Files (x86)\Common Files\Oracle\Java\javapath;C:\Program Files (x86)\Microsoft SQL Server\150\DTS\Binn\;C:\Program Files\Microsoft SQL Server\Client SDK\ODBC\130\Tools\Binn\;C:\Program Files (x86)\Microsoft SQL Server\140\Tools\Binn\;C:\Program Files\Microsoft SQL Server\140\Tools\Binn\;C:\Program Files\Microsoft SQL Server\140\DTS\Binn\;C:\Program Files\Microsoft VS Code\bin;C:\Program Files\Git\cmd;C:\Program Files\nodejs\;C:\Program Files\MySQL\MySQL Shell 8.0\bin\;C:\Program Files\Maven\apache-maven-3.6.3\bin\;C:\Users\cexy\AppData\Roaming\npm
USERNAME=cexy
OS=Windows_NT
PROCESSOR_IDENTIFIER=Intel64 Family 6 Model 61 Stepping 4, GenuineIntel



---------------  S Y S T E M  ---------------

OS: Windows 8.1 , 64 bit Build 9600 (6.3.9600.19719)

CPU:total 4 (initial active 4) (2 cores per cpu, 2 threads per core) family 6 model 61 stepping 4, cmov, cx8, fxsr, mmx, sse, sse2, sse3, ssse3, sse4.1, sse4.2, popcnt, avx, avx2, aes, clmul, erms, 3dnowpref, lzcnt, ht, tsc, tscinvbit, bmi1, bmi2, adx

Memory: 4k page, physical 8303640k(273016k free), swap 11449368k(5120k free)

vm_info: Java HotSpot(TM) 64-Bit Server VM (25.261-b12) for windows-amd64 JRE (1.8.0_261-b12), built on Jun 18 2020 06:56:32 by "" with unknown MS VC++:1916

time: Thu Sep 24 22:52:33 2020
timezone: Central European Standard Time
elapsed time: 39 seconds (0d 0h 0m 39s)

