
#
# There is insufficient memory for the Java Runtime Environment to continue.
# Native memory allocation (malloc) failed to allocate 2690736 bytes for Chunk::new
# Possible reasons:
#   The system is out of physical RAM or swap space
#   The process is running with CompressedOops enabled, and the Java Heap may be blocking the growth of the native heap
# Possible solutions:
#   Reduce memory load on the system
#   Increase physical memory or swap space
#   Check if swap backing store is full
#   Decrease Java heap size (-Xmx/-Xms)
#   Decrease number of Java threads
#   Decrease Java thread stack sizes (-Xss)
#   Set larger code cache with -XX:ReservedCodeCacheSize=
#   JVM is running with Unscaled Compressed Oops mode in which the Java heap is
#     placed in the first 4GB address space. The Java Heap base address is the
#     maximum limit for the native heap growth. Please use -XX:HeapBaseMinAddress
#     to set the Java Heap base and to place the Java Heap above 4GB virtual address.
# This output file may be truncated or incomplete.
#
#  Out of Memory Error (allocation.cpp:389), pid=9072, tid=0x0000000000002e08
#
# JRE version: Java(TM) SE Runtime Environment (8.0_261-b12) (build 1.8.0_261-b12)
# Java VM: Java HotSpot(TM) 64-Bit Server VM (25.261-b12 mixed mode windows-amd64 compressed oops)
# Failed to write core dump. Minidumps are not enabled by default on client versions of Windows
#

---------------  T H R E A D  ---------------

Current thread (0x000000f7f3eda800):  JavaThread "C2 CompilerThread0" daemon [_thread_in_native, id=11784, stack(0x000000f7f4f90000,0x000000f7f5090000)]

Stack: [0x000000f7f4f90000,0x000000f7f5090000]
Native frames: (J=compiled Java code, j=interpreted, Vv=VM code, C=native code)
V  [jvm.dll+0x33e5f9]
V  [jvm.dll+0x2850e2]
V  [jvm.dll+0x285d8d]
V  [jvm.dll+0x27c895]
V  [jvm.dll+0xe4d6c]
V  [jvm.dll+0xe556c]
V  [jvm.dll+0x47ece3]
V  [jvm.dll+0x446900]
V  [jvm.dll+0x44f8f5]
V  [jvm.dll+0x44ecb5]
V  [jvm.dll+0x439bc7]
V  [jvm.dll+0xbbbcb]
V  [jvm.dll+0xba22b]
V  [jvm.dll+0x24d962]
V  [jvm.dll+0x2a1cfc]
C  [ucrtbase.DLL+0x203ba]
C  [KERNEL32.DLL+0x1412]
C  [ntdll.dll+0x154f4]


Current CompileTask:
C2:  25326 4518   !   4       org.springframework.core.annotation.AnnotatedElementUtils::searchWithFindSemantics (774 bytes)


---------------  P R O C E S S  ---------------

Java Threads: ( => current thread )
  0x000000f7f896d000 JavaThread "HikariPool-1 housekeeper" daemon [_thread_blocked, id=10624, stack(0x000000f7f7750000,0x000000f7f7850000)]
  0x000000f7f556d000 JavaThread "surefire-forkedjvm-ping-30s" daemon [_thread_in_native, id=10280, stack(0x000000f7f5990000,0x000000f7f5a90000)]
  0x000000f7f54f5800 JavaThread "surefire-forkedjvm-command-thread" daemon [_thread_in_native, id=9964, stack(0x000000f7f5890000,0x000000f7f5990000)]
  0x000000f7f3f65000 JavaThread "Service Thread" daemon [_thread_blocked, id=12184, stack(0x000000f7f5290000,0x000000f7f5390000)]
  0x000000f7f3f37800 JavaThread "C1 CompilerThread2" daemon [_thread_blocked, id=6468, stack(0x000000f7f5190000,0x000000f7f5290000)]
  0x000000f7f3f34800 JavaThread "C2 CompilerThread1" daemon [_thread_in_native, id=1036, stack(0x000000f7f5090000,0x000000f7f5190000)]
=>0x000000f7f3eda800 JavaThread "C2 CompilerThread0" daemon [_thread_in_native, id=11784, stack(0x000000f7f4f90000,0x000000f7f5090000)]
  0x000000f7f3ed9800 JavaThread "Attach Listener" daemon [_thread_blocked, id=2220, stack(0x000000f7f4e90000,0x000000f7f4f90000)]
  0x000000f7f3ee5000 JavaThread "Signal Dispatcher" daemon [_thread_blocked, id=9624, stack(0x000000f7f4d90000,0x000000f7f4e90000)]
  0x000000f7f378b800 JavaThread "Finalizer" daemon [_thread_blocked, id=9320, stack(0x000000f7f4bb0000,0x000000f7f4cb0000)]
  0x000000f7f3ec6000 JavaThread "Reference Handler" daemon [_thread_blocked, id=10708, stack(0x000000f7f4ab0000,0x000000f7f4bb0000)]
  0x000000f7dd215800 JavaThread "main" [_thread_in_native, id=272, stack(0x000000f7debc0000,0x000000f7decc0000)]

Other Threads:
  0x000000f7f377b000 VMThread [stack: 0x000000f7f49b0000,0x000000f7f4ab0000] [id=10140]
  0x000000f7f3f67800 WatcherThread [stack: 0x000000f7f5390000,0x000000f7f5490000] [id=8280]

VM state:not at safepoint (normal execution)

VM Mutex/Monitor currently owned by a thread: None

heap address: 0x0000000081400000, size: 2028 MB, Compressed Oops mode: 32-bit
Narrow klass base: 0x0000000000000000, Narrow klass shift: 3
Compressed class space size: 1073741824 Address: 0x0000000100000000

Heap:
 PSYoungGen      total 212480K, used 162308K [0x00000000d5c00000, 0x00000000e8500000, 0x0000000100000000)
  eden space 201216K, 75% used [0x00000000d5c00000,0x00000000def86288,0x00000000e2080000)
  from space 11264K, 99% used [0x00000000e2080000,0x00000000e2b7ad98,0x00000000e2b80000)
  to   space 16896K, 0% used [0x00000000e7480000,0x00000000e7480000,0x00000000e8500000)
 ParOldGen       total 75264K, used 24526K [0x0000000081400000, 0x0000000085d80000, 0x00000000d5c00000)
  object space 75264K, 32% used [0x0000000081400000,0x0000000082bf3b78,0x0000000085d80000)
 Metaspace       used 55771K, capacity 58306K, committed 58584K, reserved 1099776K
  class space    used 7658K, capacity 8103K, committed 8152K, reserved 1048576K

Card table byte_map: [0x000000f7ee080000,0x000000f7ee480000] byte_map_base: 0x000000f7edc76000

Marking Bits: (ParMarkBitMap*) 0x0000000060434fb0
 Begin Bits: [0x000000f7eeb30000, 0x000000f7f0ae0000)
 End Bits:   [0x000000f7f0ae0000, 0x000000f7f2a90000)

Polling page: 0x000000f7dd3b0000

CodeCache: size=245760Kb used=15727Kb max_used=15727Kb free=230032Kb
 bounds [0x000000f7decc0000, 0x000000f7dfc30000, 0x000000f7edcc0000]
 total_blobs=4622 nmethods=4083 adapters=451
 compilation: enabled

Compilation events (10 events):
Event: 25.096 Thread 0x000000f7f3f37800 4597       2       org.springframework.util.ConcurrentReferenceHashMap$Segment::createReferenceArray (5 bytes)
Event: 25.096 Thread 0x000000f7f3f37800 nmethod 4597 0x000000f7df4ad7d0 code [0x000000f7df4ad920, 0x000000f7df4adaf8]
Event: 25.101 Thread 0x000000f7f3f37800 4598   !   2       org.springframework.util.ConcurrentReferenceHashMap$Segment::clear (63 bytes)
Event: 25.102 Thread 0x000000f7f3f37800 nmethod 4598 0x000000f7df4b0d10 code [0x000000f7df4b0ea0, 0x000000f7df4b11d0]
Event: 25.103 Thread 0x000000f7f3f37800 4599       2       java.util.concurrent.ConcurrentHashMap$KeyIterator::next (34 bytes)
Event: 25.103 Thread 0x000000f7f3f37800 nmethod 4599 0x000000f7df4b07d0 code [0x000000f7df4b0940, 0x000000f7df4b0ba0]
Event: 25.103 Thread 0x000000f7f3f37800 4600       2       java.util.concurrent.ConcurrentHashMap$BaseIterator::remove (37 bytes)
Event: 25.104 Thread 0x000000f7f3f37800 nmethod 4600 0x000000f7dfc28a10 code [0x000000f7dfc28b80, 0x000000f7dfc28de0]
Event: 25.123 Thread 0x000000f7f3f37800 4601       2       org.springframework.core.ResolvableType$WildcardBounds::get (134 bytes)
Event: 25.125 Thread 0x000000f7f3f37800 nmethod 4601 0x000000f7dfc27e50 code [0x000000f7dfc28020, 0x000000f7dfc28600]

GC Heap History (10 events):
Event: 4.077 GC heap before
{Heap before GC invocations=7 (full 1):
 PSYoungGen      total 71680K, used 66535K [0x00000000d5c00000, 0x00000000dee00000, 0x0000000100000000)
  eden space 66560K, 99% used [0x00000000d5c00000,0x00000000d9cf9e28,0x00000000d9d00000)
  from space 5120K, 0% used [0x00000000d9d00000,0x00000000d9d00000,0x00000000da200000)
  to   space 8192K, 0% used [0x00000000de600000,0x00000000de600000,0x00000000dee00000)
 ParOldGen       total 50688K, used 6243K [0x0000000081400000, 0x0000000084580000, 0x00000000d5c00000)
  object space 50688K, 12% used [0x0000000081400000,0x0000000081a18d10,0x0000000084580000)
 Metaspace       used 24407K, capacity 25046K, committed 25216K, reserved 1071104K
  class space    used 3139K, capacity 3333K, committed 3456K, reserved 1048576K
Event: 4.131 GC heap after
Heap after GC invocations=7 (full 1):
 PSYoungGen      total 122368K, used 4735K [0x00000000d5c00000, 0x00000000deb00000, 0x0000000100000000)
  eden space 117248K, 0% used [0x00000000d5c00000,0x00000000d5c00000,0x00000000dce80000)
  from space 5120K, 92% used [0x00000000de600000,0x00000000dea9ffb0,0x00000000deb00000)
  to   space 8192K, 0% used [0x00000000ddb00000,0x00000000ddb00000,0x00000000de300000)
 ParOldGen       total 50688K, used 6251K [0x0000000081400000, 0x0000000084580000, 0x00000000d5c00000)
  object space 50688K, 12% used [0x0000000081400000,0x0000000081a1ad10,0x0000000084580000)
 Metaspace       used 24407K, capacity 25046K, committed 25216K, reserved 1071104K
  class space    used 3139K, capacity 3333K, committed 3456K, reserved 1048576K
}
Event: 11.214 GC heap before
{Heap before GC invocations=8 (full 1):
 PSYoungGen      total 122368K, used 121983K [0x00000000d5c00000, 0x00000000deb00000, 0x0000000100000000)
  eden space 117248K, 100% used [0x00000000d5c00000,0x00000000dce80000,0x00000000dce80000)
  from space 5120K, 92% used [0x00000000de600000,0x00000000dea9ffb0,0x00000000deb00000)
  to   space 8192K, 0% used [0x00000000ddb00000,0x00000000ddb00000,0x00000000de300000)
 ParOldGen       total 50688K, used 6251K [0x0000000081400000, 0x0000000084580000, 0x00000000d5c00000)
  object space 50688K, 12% used [0x0000000081400000,0x0000000081a1ad10,0x0000000084580000)
 Metaspace       used 31161K, capacity 32328K, committed 32512K, reserved 1077248K
  class space    used 4040K, capacity 4288K, committed 4352K, reserved 1048576K
Event: 11.281 GC heap after
Heap after GC invocations=8 (full 1):
 PSYoungGen      total 138240K, used 8182K [0x00000000d5c00000, 0x00000000e3600000, 0x0000000100000000)
  eden space 130048K, 0% used [0x00000000d5c00000,0x00000000d5c00000,0x00000000ddb00000)
  from space 8192K, 99% used [0x00000000ddb00000,0x00000000de2fdab0,0x00000000de300000)
  to   space 10752K, 0% used [0x00000000e2b80000,0x00000000e2b80000,0x00000000e3600000)
 ParOldGen       total 50688K, used 9718K [0x0000000081400000, 0x0000000084580000, 0x00000000d5c00000)
  object space 50688K, 19% used [0x0000000081400000,0x0000000081d7d938,0x0000000084580000)
 Metaspace       used 31161K, capacity 32328K, committed 32512K, reserved 1077248K
  class space    used 4040K, capacity 4288K, committed 4352K, reserved 1048576K
}
Event: 12.339 GC heap before
{Heap before GC invocations=9 (full 1):
 PSYoungGen      total 138240K, used 23926K [0x00000000d5c00000, 0x00000000e3600000, 0x0000000100000000)
  eden space 130048K, 12% used [0x00000000d5c00000,0x00000000d6b5fd50,0x00000000ddb00000)
  from space 8192K, 99% used [0x00000000ddb00000,0x00000000de2fdab0,0x00000000de300000)
  to   space 10752K, 0% used [0x00000000e2b80000,0x00000000e2b80000,0x00000000e3600000)
 ParOldGen       total 50688K, used 9718K [0x0000000081400000, 0x0000000084580000, 0x00000000d5c00000)
  object space 50688K, 19% used [0x0000000081400000,0x0000000081d7d938,0x0000000084580000)
 Metaspace       used 34136K, capacity 35280K, committed 35416K, reserved 1079296K
  class space    used 4339K, capacity 4610K, committed 4696K, reserved 1048576K
Event: 12.383 GC heap after
Heap after GC invocations=9 (full 1):
 PSYoungGen      total 211968K, used 9564K [0x00000000d5c00000, 0x00000000e4d00000, 0x0000000100000000)
  eden space 201216K, 0% used [0x00000000d5c00000,0x00000000d5c00000,0x00000000e2080000)
  from space 10752K, 88% used [0x00000000e2b80000,0x00000000e34d73d0,0x00000000e3600000)
  to   space 11264K, 0% used [0x00000000e2080000,0x00000000e2080000,0x00000000e2b80000)
 ParOldGen       total 50688K, used 9726K [0x0000000081400000, 0x0000000084580000, 0x00000000d5c00000)
  object space 50688K, 19% used [0x0000000081400000,0x0000000081d7f938,0x0000000084580000)
 Metaspace       used 34136K, capacity 35280K, committed 35416K, reserved 1079296K
  class space    used 4339K, capacity 4610K, committed 4696K, reserved 1048576K
}
Event: 12.383 GC heap before
{Heap before GC invocations=10 (full 2):
 PSYoungGen      total 211968K, used 9564K [0x00000000d5c00000, 0x00000000e4d00000, 0x0000000100000000)
  eden space 201216K, 0% used [0x00000000d5c00000,0x00000000d5c00000,0x00000000e2080000)
  from space 10752K, 88% used [0x00000000e2b80000,0x00000000e34d73d0,0x00000000e3600000)
  to   space 11264K, 0% used [0x00000000e2080000,0x00000000e2080000,0x00000000e2b80000)
 ParOldGen       total 50688K, used 9726K [0x0000000081400000, 0x0000000084580000, 0x00000000d5c00000)
  object space 50688K, 19% used [0x0000000081400000,0x0000000081d7f938,0x0000000084580000)
 Metaspace       used 34136K, capacity 35280K, committed 35416K, reserved 1079296K
  class space    used 4339K, capacity 4610K, committed 4696K, reserved 1048576K
Event: 12.663 GC heap after
Heap after GC invocations=10 (full 2):
 PSYoungGen      total 211968K, used 0K [0x00000000d5c00000, 0x00000000e4d00000, 0x0000000100000000)
  eden space 201216K, 0% used [0x00000000d5c00000,0x00000000d5c00000,0x00000000e2080000)
  from space 10752K, 0% used [0x00000000e2b80000,0x00000000e2b80000,0x00000000e3600000)
  to   space 11264K, 0% used [0x00000000e2080000,0x00000000e2080000,0x00000000e2b80000)
 ParOldGen       total 75264K, used 13799K [0x0000000081400000, 0x0000000085d80000, 0x00000000d5c00000)
  object space 75264K, 18% used [0x0000000081400000,0x0000000082179e80,0x0000000085d80000)
 Metaspace       used 34136K, capacity 35280K, committed 35416K, reserved 1079296K
  class space    used 4339K, capacity 4610K, committed 4696K, reserved 1048576K
}
Event: 18.632 GC heap before
{Heap before GC invocations=11 (full 2):
 PSYoungGen      total 211968K, used 201216K [0x00000000d5c00000, 0x00000000e4d00000, 0x0000000100000000)
  eden space 201216K, 100% used [0x00000000d5c00000,0x00000000e2080000,0x00000000e2080000)
  from space 10752K, 0% used [0x00000000e2b80000,0x00000000e2b80000,0x00000000e3600000)
  to   space 11264K, 0% used [0x00000000e2080000,0x00000000e2080000,0x00000000e2b80000)
 ParOldGen       total 75264K, used 13799K [0x0000000081400000, 0x0000000085d80000, 0x00000000d5c00000)
  object space 75264K, 18% used [0x0000000081400000,0x0000000082179e80,0x0000000085d80000)
 Metaspace       used 53113K, capacity 55258K, committed 55384K, reserved 1097728K
  class space    used 7279K, capacity 7667K, committed 7768K, reserved 1048576K
Event: 18.670 GC heap after
Heap after GC invocations=11 (full 2):
 PSYoungGen      total 212480K, used 11243K [0x00000000d5c00000, 0x00000000e8500000, 0x0000000100000000)
  eden space 201216K, 0% used [0x00000000d5c00000,0x00000000d5c00000,0x00000000e2080000)
  from space 11264K, 99% used [0x00000000e2080000,0x00000000e2b7ad98,0x00000000e2b80000)
  to   space 16896K, 0% used [0x00000000e7480000,0x00000000e7480000,0x00000000e8500000)
 ParOldGen       total 75264K, used 24526K [0x0000000081400000, 0x0000000085d80000, 0x00000000d5c00000)
  object space 75264K, 32% used [0x0000000081400000,0x0000000082bf3b78,0x0000000085d80000)
 Metaspace       used 53113K, capacity 55258K, committed 55384K, reserved 1097728K
  class space    used 7279K, capacity 7667K, committed 7768K, reserved 1048576K
}

Deoptimization events (10 events):
Event: 19.781 Thread 0x000000f7dd215800 Uncommon trap: reason=unstable_if action=reinterpret pc=0x000000f7dfa5e31c method=java.util.concurrent.ConcurrentHashMap.get(Ljava/lang/Object;)Ljava/lang/Object; @ 86
Event: 19.805 Thread 0x000000f7dd215800 Uncommon trap: reason=unstable_if action=reinterpret pc=0x000000f7df912108 method=java.util.WeakHashMap.put(Ljava/lang/Object;Ljava/lang/Object;)Ljava/lang/Object; @ 47
Event: 20.741 Thread 0x000000f7dd215800 Uncommon trap: reason=unstable_if action=reinterpret pc=0x000000f7dfb4ad28 method=org.springframework.core.annotation.AnnotatedElementUtils.searchWithFindSemantics(Ljava/lang/reflect/AnnotatedElement;Ljava/util/Set;Ljava/lang/String;Ljava/lang/Class;Lorg/
Event: 22.427 Thread 0x000000f7dd215800 Uncommon trap: reason=unstable_if action=reinterpret pc=0x000000f7df241d70 method=org.springframework.beans.factory.support.AbstractBeanFactory.isTypeMatch(Ljava/lang/String;Lorg/springframework/core/ResolvableType;)Z @ 26
Event: 22.985 Thread 0x000000f7dd215800 Uncommon trap: reason=unstable_if action=reinterpret pc=0x000000f7df155238 method=java.util.concurrent.ConcurrentHashMap.transfer([Ljava/util/concurrent/ConcurrentHashMap$Node;[Ljava/util/concurrent/ConcurrentHashMap$Node;)V @ 356
Event: 23.164 Thread 0x000000f7dd215800 Uncommon trap: reason=null_check action=make_not_entrant pc=0x000000f7df7ee2d0 method=org.springframework.core.annotation.AnnotatedElementUtils.searchWithGetSemanticsInAnnotations(Ljava/lang/reflect/AnnotatedElement;Ljava/util/List;Ljava/util/Set;Ljava/la
Event: 23.829 Thread 0x000000f7dd215800 Uncommon trap: reason=null_check action=make_not_entrant pc=0x000000f7df7cc918 method=org.springframework.util.ClassUtils.isAssignable(Ljava/lang/Class;Ljava/lang/Class;)Z @ 14
Event: 25.035 Thread 0x000000f7dd215800 Uncommon trap: reason=class_check action=maybe_recompile pc=0x000000f7dfc0005c method=org.springframework.core.annotation.AnnotatedElementUtils.searchWithGetSemanticsInAnnotations(Ljava/lang/reflect/AnnotatedElement;Ljava/util/List;Ljava/util/Set;Ljava/la
Event: 25.035 Thread 0x000000f7dd215800 Uncommon trap: reason=unstable_if action=reinterpret pc=0x000000f7dfbffa50 method=org.springframework.core.annotation.AnnotatedElementUtils.searchWithGetSemanticsInAnnotations(Ljava/lang/reflect/AnnotatedElement;Ljava/util/List;Ljava/util/Set;Ljava/lang/S
Event: 25.096 Thread 0x000000f7dd215800 Uncommon trap: reason=unstable_if action=reinterpret pc=0x000000f7df79b894 method=org.springframework.util.ConcurrentReferenceHashMap$Segment.clear()V @ 4

Classes redefined (0 events):
No events

Internal exceptions (10 events):
Event: 24.959 Thread 0x000000f7dd215800 Exception <a 'java/lang/ClassNotFoundException': org/springframework/context/EnvironmentAwareCustomizer> (0x00000000dea1c9d0) thrown at [C:\jenkins\workspace\8-2-build-windows-amd64-cygwin\jdk8u261\295\hotspot\src\share\vm\classfile\systemDictionary.cpp, 
Event: 24.962 Thread 0x000000f7dd215800 Exception <a 'java/lang/ClassNotFoundException': org/springframework/beans/factory/AwareCustomizer> (0x00000000dea33548) thrown at [C:\jenkins\workspace\8-2-build-windows-amd64-cygwin\jdk8u261\295\hotspot\src\share\vm\classfile\systemDictionary.cpp, line 
Event: 24.965 Thread 0x000000f7dd215800 Exception <a 'java/lang/ClassNotFoundException': org/springframework/core/env/EnvironmentCapableCustomizer> (0x00000000dea4b198) thrown at [C:\jenkins\workspace\8-2-build-windows-amd64-cygwin\jdk8u261\295\hotspot\src\share\vm\classfile\systemDictionary.cp
Event: 24.966 Thread 0x000000f7dd215800 Exception <a 'java/lang/ClassNotFoundException': org/springframework/web/context/ServletContextAwareCustomizer> (0x00000000dea658b0) thrown at [C:\jenkins\workspace\8-2-build-windows-amd64-cygwin\jdk8u261\295\hotspot\src\share\vm\classfile\systemDictionar
Event: 24.967 Thread 0x000000f7dd215800 Exception <a 'java/lang/ClassNotFoundException': org/springframework/beans/factory/AwareCustomizer> (0x00000000dea7c4e8) thrown at [C:\jenkins\workspace\8-2-build-windows-amd64-cygwin\jdk8u261\295\hotspot\src\share\vm\classfile\systemDictionary.cpp, line 
Event: 24.968 Thread 0x000000f7dd215800 Exception <a 'java/lang/ClassNotFoundException': org/springframework/beans/factory/InitializingBeanCustomizer> (0x00000000dea95310) thrown at [C:\jenkins\workspace\8-2-build-windows-amd64-cygwin\jdk8u261\295\hotspot\src\share\vm\classfile\systemDictionary
Event: 24.968 Thread 0x000000f7dd215800 Exception <a 'java/lang/ClassNotFoundException': org/springframework/beans/factory/DisposableBeanCustomizer> (0x00000000deaad7f8) thrown at [C:\jenkins\workspace\8-2-build-windows-amd64-cygwin\jdk8u261\295\hotspot\src\share\vm\classfile\systemDictionary.c
Event: 24.977 Thread 0x000000f7dd215800 Exception <a 'java/lang/ClassNotFoundException': java/lang/ObjectCustomizer> (0x00000000deaf2da0) thrown at [C:\jenkins\workspace\8-2-build-windows-amd64-cygwin\jdk8u261\295\hotspot\src\share\vm\classfile\systemDictionary.cpp, line 210]
Event: 24.978 Thread 0x000000f7dd215800 Exception <a 'java/lang/ClassNotFoundException': org/springframework/web/multipart/support/StandardServletMultipartResolverCustomizer> (0x00000000deb160e8) thrown at [C:\jenkins\workspace\8-2-build-windows-amd64-cygwin\jdk8u261\295\hotspot\src\share\vm\cl
Event: 24.979 Thread 0x000000f7dd215800 Exception <a 'java/lang/ClassNotFoundException': org/springframework/web/multipart/MultipartResolverCustomizer> (0x00000000deb344c8) thrown at [C:\jenkins\workspace\8-2-build-windows-amd64-cygwin\jdk8u261\295\hotspot\src\share\vm\classfile\systemDictionar

Events (10 events):
Event: 25.131 loading class org/springframework/test/context/support/DefaultTestContext
Event: 25.131 loading class org/springframework/test/context/support/DefaultTestContext done
Event: 25.131 loading class org/springframework/test/context/TestContext
Event: 25.131 loading class org/springframework/test/context/TestContext done
Event: 25.131 loading class org/springframework/test/context/TestContext
Event: 25.132 loading class org/springframework/test/context/TestContext done
Event: 25.132 loading class org/springframework/mock/web/MockHttpServletRequest
Event: 25.132 loading class org/springframework/mock/web/MockHttpServletRequest done
Event: 25.223 loading class javax/servlet/http/HttpServletMapping
Event: 25.223 loading class javax/servlet/http/HttpServletMapping done


Dynamic libraries:
0x00007ff6a9500000 - 0x00007ff6a9547000 	C:\Program Files\Java\jdk1.8.0_261\jre\bin\java.exe
0x00007ff804930000 - 0x00007ff804add000 	C:\WINDOWS\SYSTEM32\ntdll.dll
0x00007ff802150000 - 0x00007ff80228f000 	C:\WINDOWS\system32\KERNEL32.DLL
0x00007ff801d60000 - 0x00007ff801e75000 	C:\WINDOWS\system32\KERNELBASE.dll
0x00007ff800620000 - 0x00007ff8006ae000 	C:\WINDOWS\system32\apphelp.dll
0x00007fffd70e0000 - 0x00007fffd7135000 	C:\WINDOWS\AppPatch\AppPatch64\AcGenral.DLL
0x00007ff8026b0000 - 0x00007ff80275a000 	C:\WINDOWS\system32\msvcrt.dll
0x00007ff801f30000 - 0x00007ff801f5e000 	C:\WINDOWS\system32\SspiCli.dll
0x00007ff802760000 - 0x00007ff8027b4000 	C:\WINDOWS\system32\SHLWAPI.dll
0x00007ff802290000 - 0x00007ff802407000 	C:\WINDOWS\system32\USER32.dll
0x00007ff801fb0000 - 0x00007ff802145000 	C:\WINDOWS\system32\ole32.dll
0x00007ff802ab0000 - 0x00007ff803fde000 	C:\WINDOWS\system32\SHELL32.dll
0x00007ff8010a0000 - 0x00007ff8010c1000 	C:\WINDOWS\SYSTEM32\USERENV.dll
0x00007ff804410000 - 0x00007ff8044ba000 	C:\WINDOWS\system32\ADVAPI32.dll
0x00007ffff7510000 - 0x00007ffff752e000 	C:\WINDOWS\SYSTEM32\MPR.dll
0x00007ff802970000 - 0x00007ff802ab0000 	C:\WINDOWS\system32\RPCRT4.dll
0x00007ff802410000 - 0x00007ff802468000 	C:\WINDOWS\SYSTEM32\sechost.dll
0x00007ff8044c0000 - 0x00007ff8046d1000 	C:\WINDOWS\SYSTEM32\combase.dll
0x00007ff8041a0000 - 0x00007ff8042ed000 	C:\WINDOWS\system32\GDI32.dll
0x00007ff801a50000 - 0x00007ff801a65000 	C:\WINDOWS\SYSTEM32\profapi.dll
0x00007ffffff20000 - 0x00007ffffffd2000 	C:\WINDOWS\SYSTEM32\SHCORE.dll
0x00007ff804300000 - 0x00007ff804336000 	C:\WINDOWS\system32\IMM32.DLL
0x00007ff803fe0000 - 0x00007ff804131000 	C:\WINDOWS\system32\MSCTF.dll
0x00007fffff4b0000 - 0x00007fffff72b000 	C:\WINDOWS\WinSxS\amd64_microsoft.windows.common-controls_6595b64144ccf1df_6.0.9600.19394_none_62486577ecb635cf\COMCTL32.dll
0x00007fffdc400000 - 0x00007fffdc415000 	C:\Program Files\Java\jdk1.8.0_261\jre\bin\vcruntime140.dll
0x00007fffddd50000 - 0x00007fffddd54000 	C:\Program Files\Java\jdk1.8.0_261\jre\bin\api-ms-win-crt-runtime-l1-1-0.dll
0x00007fffdd840000 - 0x00007fffdd843000 	C:\Program Files\Java\jdk1.8.0_261\jre\bin\api-ms-win-crt-heap-l1-1-0.dll
0x00007fffdd2d0000 - 0x00007fffdd2d4000 	C:\Program Files\Java\jdk1.8.0_261\jre\bin\api-ms-win-crt-string-l1-1-0.dll
0x00007fffdd2a0000 - 0x00007fffdd2a4000 	C:\Program Files\Java\jdk1.8.0_261\jre\bin\api-ms-win-crt-stdio-l1-1-0.dll
0x00007fffdb6c0000 - 0x00007fffdb6c4000 	C:\Program Files\Java\jdk1.8.0_261\jre\bin\api-ms-win-crt-convert-l1-1-0.dll
0x00007fffc6b00000 - 0x00007fffc6bfc000 	C:\Program Files\Java\jdk1.8.0_261\jre\bin\ucrtbase.DLL
0x00007fffcc330000 - 0x00007fffcc3cb000 	C:\Program Files\Java\jdk1.8.0_261\jre\bin\msvcp140.dll
0x00007fffd7170000 - 0x00007fffd7173000 	C:\Program Files\Java\jdk1.8.0_261\jre\bin\api-ms-win-crt-locale-l1-1-0.dll
0x00007fffd7090000 - 0x00007fffd7095000 	C:\Program Files\Java\jdk1.8.0_261\jre\bin\api-ms-win-crt-math-l1-1-0.dll
0x00007fffd6cf0000 - 0x00007fffd6cf3000 	C:\Program Files\Java\jdk1.8.0_261\jre\bin\api-ms-win-crt-filesystem-l1-1-0.dll
0x00007fffd3db0000 - 0x00007fffd3db3000 	C:\Program Files\Java\jdk1.8.0_261\jre\bin\api-ms-win-crt-time-l1-1-0.dll
0x00007fffcc8c0000 - 0x00007fffcc8c3000 	C:\Program Files\Java\jdk1.8.0_261\jre\bin\api-ms-win-crt-environment-l1-1-0.dll
0x00007fffcc8b0000 - 0x00007fffcc8b3000 	C:\Program Files\Java\jdk1.8.0_261\jre\bin\api-ms-win-crt-utility-l1-1-0.dll
0x000000005fc40000 - 0x00000000604ac000 	C:\Program Files\Java\jdk1.8.0_261\jre\bin\server\jvm.dll
0x00007ffff6f80000 - 0x00007ffff6f89000 	C:\WINDOWS\SYSTEM32\WSOCK32.dll
0x00007ffffc7e0000 - 0x00007ffffc802000 	C:\WINDOWS\SYSTEM32\WINMM.dll
0x00007ffffbd00000 - 0x00007ffffbd0a000 	C:\WINDOWS\SYSTEM32\VERSION.dll
0x00007ff8042f0000 - 0x00007ff8042f7000 	C:\WINDOWS\system32\PSAPI.DLL
0x00007ff8048c0000 - 0x00007ff80491a000 	C:\WINDOWS\system32\WS2_32.dll
0x00007ffffc7b0000 - 0x00007ffffc7da000 	C:\WINDOWS\SYSTEM32\WINMMBASE.dll
0x00007ff802470000 - 0x00007ff802479000 	C:\WINDOWS\system32\NSI.dll
0x00007ff801f60000 - 0x00007ff801faf000 	C:\WINDOWS\SYSTEM32\cfgmgr32.dll
0x00007ff800890000 - 0x00007ff8008b8000 	C:\WINDOWS\SYSTEM32\DEVOBJ.dll
0x00007ffff4380000 - 0x00007ffff4390000 	C:\Program Files\Java\jdk1.8.0_261\jre\bin\verify.dll
0x00007fffdc220000 - 0x00007fffdc24b000 	C:\Program Files\Java\jdk1.8.0_261\jre\bin\java.dll
0x00007fffdc3e0000 - 0x00007fffdc3f8000 	C:\Program Files\Java\jdk1.8.0_261\jre\bin\zip.dll
0x00007fffe1110000 - 0x00007fffe111d000 	C:\Program Files\Java\jdk1.8.0_261\jre\bin\management.dll
0x00007fffd70c0000 - 0x00007fffd70dc000 	C:\Program Files\Java\jdk1.8.0_261\jre\bin\net.dll
0x00007ff801360000 - 0x00007ff8013b9000 	C:\WINDOWS\system32\mswsock.dll
0x00007fffd70a0000 - 0x00007fffd70b3000 	C:\Program Files\Java\jdk1.8.0_261\jre\bin\nio.dll
0x00007ffff7020000 - 0x00007ffff7035000 	C:\WINDOWS\system32\napinsp.dll
0x00007ffff7000000 - 0x00007ffff701a000 	C:\WINDOWS\system32\pnrpnsp.dll
0x00007ffffec00000 - 0x00007ffffec1b000 	C:\WINDOWS\system32\NLAapi.dll
0x00007ff801160000 - 0x00007ff801204000 	C:\WINDOWS\SYSTEM32\DNSAPI.dll
0x00007ffff81a0000 - 0x00007ffff81ad000 	C:\WINDOWS\System32\winrnr.dll
0x00007ffff6c80000 - 0x00007ffff6c94000 	C:\WINDOWS\system32\wshbth.dll
0x00007ffff6c70000 - 0x00007ffff6c7a000 	C:\Windows\System32\rasadhlp.dll
0x00007fffffa90000 - 0x00007fffffaba000 	C:\WINDOWS\SYSTEM32\IPHLPAPI.DLL
0x00007fffff4a0000 - 0x00007fffff4aa000 	C:\WINDOWS\SYSTEM32\WINNSI.DLL
0x00007ffffc1e0000 - 0x00007ffffc24b000 	C:\WINDOWS\System32\fwpuclnt.dll
0x00007ff8013c0000 - 0x00007ff8013e0000 	C:\WINDOWS\SYSTEM32\CRYPTSP.dll
0x00007ff800f90000 - 0x00007ff800fc6000 	C:\WINDOWS\system32\rsaenh.dll
0x00007ff801600000 - 0x00007ff801626000 	C:\WINDOWS\SYSTEM32\bcrypt.dll
0x00007ff801920000 - 0x00007ff801983000 	C:\WINDOWS\system32\bcryptprimitives.dll
0x00007ff801990000 - 0x00007ff80199b000 	C:\WINDOWS\SYSTEM32\CRYPTBASE.dll
0x00007ffffbd10000 - 0x00007ffffbd26000 	C:\WINDOWS\SYSTEM32\dhcpcsvc6.DLL
0x00007ffffc2c0000 - 0x00007ffffc2da000 	C:\WINDOWS\SYSTEM32\dhcpcsvc.DLL
0x00007ffff6050000 - 0x00007ffff61d9000 	C:\WINDOWS\SYSTEM32\dbghelp.dll

VM Arguments:
java_command: C:\Users\cexy\AppData\Local\Temp\surefire8148507219054812636\surefirebooter5879689278874591755.jar C:\Users\cexy\AppData\Local\Temp\surefire8148507219054812636 2020-09-24T22-52-06_920-jvmRun1 surefire5345747846221244909tmp surefire_0760940595340509272tmp
java_class_path (initial): C:\Users\cexy\AppData\Local\Temp\surefire8148507219054812636\surefirebooter5879689278874591755.jar
Launcher Type: SUN_STANDARD

Environment Variables:
JAVA_HOME=C:\Program Files\Java\jdk-13.0.1
PATH=C:\Program Files (x86)\Common Files\Oracle\Java\javapath;C:\Program Files (x86)\Microsoft SQL Server\150\DTS\Binn\;C:\Program Files\Microsoft SQL Server\Client SDK\ODBC\130\Tools\Binn\;C:\Program Files (x86)\Microsoft SQL Server\140\Tools\Binn\;C:\Program Files\Microsoft SQL Server\140\Tools\Binn\;C:\Program Files\Microsoft SQL Server\140\DTS\Binn\;C:\Program Files\Microsoft VS Code\bin;C:\Program Files\Git\cmd;C:\Program Files\nodejs\;C:\Program Files\MySQL\MySQL Shell 8.0\bin\;C:\Program Files\Maven\apache-maven-3.6.3\bin\;C:\Users\cexy\AppData\Roaming\npm
USERNAME=cexy
OS=Windows_NT
PROCESSOR_IDENTIFIER=Intel64 Family 6 Model 61 Stepping 4, GenuineIntel



---------------  S Y S T E M  ---------------

OS: Windows 8.1 , 64 bit Build 9600 (6.3.9600.19719)

CPU:total 4 (initial active 4) (2 cores per cpu, 2 threads per core) family 6 model 61 stepping 4, cmov, cx8, fxsr, mmx, sse, sse2, sse3, ssse3, sse4.1, sse4.2, popcnt, avx, avx2, aes, clmul, erms, 3dnowpref, lzcnt, ht, tsc, tscinvbit, bmi1, bmi2, adx

Memory: 4k page, physical 8303640k(272536k free), swap 11449368k(5696k free)

vm_info: Java HotSpot(TM) 64-Bit Server VM (25.261-b12) for windows-amd64 JRE (1.8.0_261-b12), built on Jun 18 2020 06:56:32 by "" with unknown MS VC++:1916

time: Thu Sep 24 22:52:33 2020
timezone: Central European Standard Time
elapsed time: 25 seconds (0d 0h 0m 25s)

